mode: atomic
github.com/popplywop/azboard/internal/config/config.go:46.30,48.2 1 0
github.com/popplywop/azboard/internal/config/config.go:51.54,53.16 2 15
github.com/popplywop/azboard/internal/config/config.go:53.16,55.3 1 1
github.com/popplywop/azboard/internal/config/config.go:56.2,57.51 2 14
github.com/popplywop/azboard/internal/config/config.go:57.51,59.3 1 1
github.com/popplywop/azboard/internal/config/config.go:60.2,60.17 1 13
github.com/popplywop/azboard/internal/config/config.go:64.49,66.16 2 15
github.com/popplywop/azboard/internal/config/config.go:66.16,68.3 1 2
github.com/popplywop/azboard/internal/config/config.go:70.2,73.41 2 13
github.com/popplywop/azboard/internal/config/config.go:74.13,75.27 1 2
github.com/popplywop/azboard/internal/config/config.go:76.19,77.29 1 10
github.com/popplywop/azboard/internal/config/config.go:78.10,79.97 1 1
github.com/popplywop/azboard/internal/config/config.go:83.2,83.22 1 12
github.com/popplywop/azboard/internal/config/config.go:83.22,86.22 3 11
github.com/popplywop/azboard/internal/config/config.go:86.22,88.4 1 11
github.com/popplywop/azboard/internal/config/config.go:89.3,89.26 1 11
github.com/popplywop/azboard/internal/config/config.go:89.26,91.4 1 2
github.com/popplywop/azboard/internal/config/config.go:95.2,95.23 1 12
github.com/popplywop/azboard/internal/config/config.go:95.23,97.3 1 10
github.com/popplywop/azboard/internal/config/config.go:100.2,100.31 1 12
github.com/popplywop/azboard/internal/config/config.go:100.31,102.20 2 2
github.com/popplywop/azboard/internal/config/config.go:102.20,104.4 1 1
github.com/popplywop/azboard/internal/config/config.go:108.2,111.32 2 11
github.com/popplywop/azboard/internal/config/config.go:111.32,113.3 1 1
github.com/popplywop/azboard/internal/config/config.go:113.8,115.3 1 10
github.com/popplywop/azboard/internal/config/config.go:118.2,118.34 1 11
github.com/popplywop/azboard/internal/config/config.go:119.49,120.54 1 1
github.com/popplywop/azboard/internal/config/config.go:121.10,122.38 1 10
github.com/popplywop/azboard/internal/config/config.go:126.2,129.32 2 11
github.com/popplywop/azboard/internal/config/config.go:129.32,130.34 1 2
github.com/popplywop/azboard/internal/config/config.go:130.34,132.4 1 1
github.com/popplywop/azboard/internal/config/config.go:132.9,134.4 1 1
github.com/popplywop/azboard/internal/config/config.go:138.2,138.19 1 11
github.com/popplywop/azboard/internal/config/config.go:138.19,140.3 1 1
github.com/popplywop/azboard/internal/config/config.go:141.2,141.23 1 10
github.com/popplywop/azboard/internal/config/config.go:141.23,143.3 1 1
github.com/popplywop/azboard/internal/config/config.go:145.2,145.17 1 9
github.com/popplywop/azboard/internal/config/config.go:149.40,153.16 3 0
github.com/popplywop/azboard/internal/config/config.go:153.16,155.3 1 0
github.com/popplywop/azboard/internal/config/config.go:157.2,160.16 3 0
github.com/popplywop/azboard/internal/config/config.go:160.16,162.3 1 0
github.com/popplywop/azboard/internal/config/config.go:164.2,164.52 1 0
github.com/popplywop/azboard/internal/config/config.go:174.55,176.16 2 17
github.com/popplywop/azboard/internal/config/config.go:176.16,178.3 1 0
github.com/popplywop/azboard/internal/config/config.go:180.2,182.52 2 17
github.com/popplywop/azboard/internal/config/config.go:182.52,184.39 2 2
github.com/popplywop/azboard/internal/config/config.go:184.39,186.4 1 1
github.com/popplywop/azboard/internal/config/config.go:187.3,187.22 1 2
github.com/popplywop/azboard/internal/config/config.go:190.2,190.31 1 15
github.com/popplywop/azboard/internal/config/config.go:190.31,191.21 1 14
github.com/popplywop/azboard/internal/config/config.go:191.21,193.4 1 14
github.com/popplywop/azboard/internal/config/config.go:194.3,194.21 1 14
github.com/popplywop/azboard/internal/config/config.go:194.21,196.4 1 3
github.com/popplywop/azboard/internal/config/config.go:197.3,197.22 1 14
github.com/popplywop/azboard/internal/config/config.go:200.2,200.15 1 1
github.com/popplywop/azboard/internal/config/config.go:204.30,206.16 2 1
github.com/popplywop/azboard/internal/config/config.go:206.16,208.3 1 0
github.com/popplywop/azboard/internal/config/config.go:209.2,209.65 1 1
github.com/popplywop/azboard/internal/api/cache.go:30.52,36.2 1 7
github.com/popplywop/azboard/internal/api/cache.go:47.52,51.9 4 117
github.com/popplywop/azboard/internal/api/cache.go:51.9,53.3 1 16
github.com/popplywop/azboard/internal/api/cache.go:54.2,54.30 1 101
github.com/popplywop/azboard/internal/api/cache.go:54.30,56.3 1 1
github.com/popplywop/azboard/internal/api/cache.go:57.2,57.36 1 100
github.com/popplywop/azboard/internal/api/cache.go:57.36,59.3 1 1
github.com/popplywop/azboard/internal/api/cache.go:60.2,60.26 1 99
github.com/popplywop/azboard/internal/api/cache.go:63.70,67.13 4 17
github.com/popplywop/azboard/internal/api/cache.go:67.13,69.3 1 16
github.com/popplywop/azboard/internal/api/cache.go:70.2,70.57 1 17
github.com/popplywop/azboard/internal/api/cache.go:74.40,78.2 3 1
github.com/popplywop/azboard/internal/api/cache.go:81.56,84.25 3 2
github.com/popplywop/azboard/internal/api/cache.go:84.25,85.35 1 3
github.com/popplywop/azboard/internal/api/cache.go:85.35,87.4 1 2
github.com/popplywop/azboard/internal/api/cache.go:93.55,94.37 1 2
github.com/popplywop/azboard/internal/api/cache.go:94.37,96.3 1 1
github.com/popplywop/azboard/internal/api/cache.go:97.2,98.16 2 1
github.com/popplywop/azboard/internal/api/cache.go:98.16,100.3 1 0
github.com/popplywop/azboard/internal/api/cache.go:101.2,102.17 2 1
github.com/popplywop/azboard/internal/api/cache.go:105.68,106.33 1 56
github.com/popplywop/azboard/internal/api/cache.go:106.33,108.3 1 51
github.com/popplywop/azboard/internal/api/cache.go:109.2,110.16 2 5
github.com/popplywop/azboard/internal/api/cache.go:110.16,112.3 1 0
github.com/popplywop/azboard/internal/api/cache.go:113.2,114.17 2 5
github.com/popplywop/azboard/internal/api/cache.go:117.75,119.29 2 0
github.com/popplywop/azboard/internal/api/cache.go:119.29,121.3 1 0
github.com/popplywop/azboard/internal/api/cache.go:122.2,123.16 2 0
github.com/popplywop/azboard/internal/api/cache.go:123.16,125.3 1 0
github.com/popplywop/azboard/internal/api/cache.go:126.2,127.17 2 0
github.com/popplywop/azboard/internal/api/cache.go:132.79,134.29 2 59
github.com/popplywop/azboard/internal/api/cache.go:134.29,136.3 1 48
github.com/popplywop/azboard/internal/api/cache.go:137.2,138.16 2 11
github.com/popplywop/azboard/internal/api/cache.go:138.16,140.3 1 0
github.com/popplywop/azboard/internal/api/cache.go:141.2,142.17 2 11
github.com/popplywop/azboard/internal/api/cache.go:145.96,147.29 2 0
github.com/popplywop/azboard/internal/api/cache.go:147.29,149.3 1 0
github.com/popplywop/azboard/internal/api/cache.go:150.2,151.16 2 0
github.com/popplywop/azboard/internal/api/cache.go:151.16,153.3 1 0
github.com/popplywop/azboard/internal/api/cache.go:154.2,155.17 2 0
github.com/popplywop/azboard/internal/api/cache.go:158.71,160.29 2 0
github.com/popplywop/azboard/internal/api/cache.go:160.29,162.3 1 0
github.com/popplywop/azboard/internal/api/cache.go:163.2,164.16 2 0
github.com/popplywop/azboard/internal/api/cache.go:164.16,166.3 1 0
github.com/popplywop/azboard/internal/api/cache.go:167.2,168.17 2 0
github.com/popplywop/azboard/internal/api/cache.go:171.93,173.29 2 0
github.com/popplywop/azboard/internal/api/cache.go:173.29,175.3 1 0
github.com/popplywop/azboard/internal/api/cache.go:176.2,177.16 2 0
github.com/popplywop/azboard/internal/api/cache.go:177.16,179.3 1 0
github.com/popplywop/azboard/internal/api/cache.go:180.2,181.17 2 0
github.com/popplywop/azboard/internal/api/cache.go:184.75,186.29 2 0
github.com/popplywop/azboard/internal/api/cache.go:186.29,188.3 1 0
github.com/popplywop/azboard/internal/api/cache.go:189.2,190.16 2 0
github.com/popplywop/azboard/internal/api/cache.go:190.16,192.3 1 0
github.com/popplywop/azboard/internal/api/cache.go:193.2,194.17 2 0
github.com/popplywop/azboard/internal/api/cache.go:197.86,199.29 2 0
github.com/popplywop/azboard/internal/api/cache.go:199.29,201.3 1 0
github.com/popplywop/azboard/internal/api/cache.go:202.2,203.16 2 0
github.com/popplywop/azboard/internal/api/cache.go:203.16,205.3 1 0
github.com/popplywop/azboard/internal/api/cache.go:206.2,207.17 2 0
github.com/popplywop/azboard/internal/api/cache.go:210.89,212.29 2 0
github.com/popplywop/azboard/internal/api/cache.go:212.29,214.3 1 0
github.com/popplywop/azboard/internal/api/cache.go:215.2,216.16 2 0
github.com/popplywop/azboard/internal/api/cache.go:216.16,218.3 1 0
github.com/popplywop/azboard/internal/api/cache.go:219.2,220.17 2 0
github.com/popplywop/azboard/internal/api/cache.go:223.59,224.34 1 0
github.com/popplywop/azboard/internal/api/cache.go:224.34,226.3 1 0
github.com/popplywop/azboard/internal/api/cache.go:227.2,228.16 2 0
github.com/popplywop/azboard/internal/api/cache.go:228.16,230.3 1 0
github.com/popplywop/azboard/internal/api/cache.go:231.2,232.17 2 0
github.com/popplywop/azboard/internal/api/cache.go:237.140,239.16 2 0
github.com/popplywop/azboard/internal/api/cache.go:239.16,241.3 1 0
github.com/popplywop/azboard/internal/api/cache.go:242.2,242.17 1 0
github.com/popplywop/azboard/internal/api/cache.go:245.125,247.16 2 0
github.com/popplywop/azboard/internal/api/cache.go:247.16,250.3 2 0
github.com/popplywop/azboard/internal/api/cache.go:251.2,251.12 1 0
github.com/popplywop/azboard/internal/api/cache.go:254.74,256.16 2 0
github.com/popplywop/azboard/internal/api/cache.go:256.16,259.3 2 0
github.com/popplywop/azboard/internal/api/cache.go:260.2,260.12 1 0
github.com/popplywop/azboard/internal/api/cache.go:263.81,265.16 2 0
github.com/popplywop/azboard/internal/api/cache.go:265.16,268.3 2 0
github.com/popplywop/azboard/internal/api/cache.go:269.2,269.12 1 0
github.com/popplywop/azboard/internal/api/cache.go:272.110,274.16 2 0
github.com/popplywop/azboard/internal/api/cache.go:274.16,276.3 1 0
github.com/popplywop/azboard/internal/api/cache.go:277.2,277.12 1 0
github.com/popplywop/azboard/internal/api/cache.go:280.95,282.16 2 0
github.com/popplywop/azboard/internal/api/cache.go:282.16,284.3 1 0
github.com/popplywop/azboard/internal/api/cache.go:285.2,285.12 1 0
github.com/popplywop/azboard/internal/api/cache.go:288.99,290.16 2 0
github.com/popplywop/azboard/internal/api/cache.go:290.16,292.3 1 0
github.com/popplywop/azboard/internal/api/cache.go:293.2,293.12 1 0
github.com/popplywop/azboard/internal/api/cache.go:296.92,298.16 2 0
github.com/popplywop/azboard/internal/api/cache.go:298.16,301.3 2 0
github.com/popplywop/azboard/internal/api/cache.go:302.2,302.12 1 0
github.com/popplywop/azboard/internal/api/cache.go:307.95,309.29 2 0
github.com/popplywop/azboard/internal/api/cache.go:309.29,311.3 1 0
github.com/popplywop/azboard/internal/api/cache.go:312.2,313.16 2 0
github.com/popplywop/azboard/internal/api/cache.go:313.16,315.3 1 0
github.com/popplywop/azboard/internal/api/cache.go:316.2,317.17 2 0
github.com/popplywop/azboard/internal/api/cache.go:320.120,322.29 2 0
github.com/popplywop/azboard/internal/api/cache.go:322.29,324.3 1 0
github.com/popplywop/azboard/internal/api/cache.go:325.2,326.16 2 0
github.com/popplywop/azboard/internal/api/cache.go:326.16,328.3 1 0
github.com/popplywop/azboard/internal/api/cache.go:329.2,330.17 2 0
github.com/popplywop/azboard/internal/api/cache.go:333.98,335.29 2 0
github.com/popplywop/azboard/internal/api/cache.go:335.29,337.3 1 0
github.com/popplywop/azboard/internal/api/cache.go:338.2,339.16 2 0
github.com/popplywop/azboard/internal/api/cache.go:339.16,341.3 1 0
github.com/popplywop/azboard/internal/api/cache.go:342.2,343.17 2 0
github.com/popplywop/azboard/internal/api/cache.go:346.129,348.29 2 0
github.com/popplywop/azboard/internal/api/cache.go:348.29,350.3 1 0
github.com/popplywop/azboard/internal/api/cache.go:351.2,352.16 2 0
github.com/popplywop/azboard/internal/api/cache.go:352.16,354.3 1 0
github.com/popplywop/azboard/internal/api/cache.go:355.2,356.17 2 0
github.com/popplywop/azboard/internal/api/cache.go:361.120,363.29 2 0
github.com/popplywop/azboard/internal/api/cache.go:363.29,365.3 1 0
github.com/popplywop/azboard/internal/api/cache.go:366.2,367.16 2 0
github.com/popplywop/azboard/internal/api/cache.go:367.16,369.3 1 0
github.com/popplywop/azboard/internal/api/cache.go:370.2,371.17 2 0
github.com/popplywop/azboard/internal/api/cache.go:374.62,376.29 2 0
github.com/popplywop/azboard/internal/api/cache.go:376.29,378.3 1 0
github.com/popplywop/azboard/internal/api/cache.go:379.2,380.16 2 0
github.com/popplywop/azboard/internal/api/cache.go:380.16,382.3 1 0
github.com/popplywop/azboard/internal/api/cache.go:383.2,384.17 2 0
github.com/popplywop/azboard/internal/api/cache.go:387.79,389.29 2 0
github.com/popplywop/azboard/internal/api/cache.go:389.29,391.3 1 0
github.com/popplywop/azboard/internal/api/cache.go:392.2,393.16 2 0
github.com/popplywop/azboard/internal/api/cache.go:393.16,395.3 1 0
github.com/popplywop/azboard/internal/api/cache.go:396.2,397.17 2 0
github.com/popplywop/azboard/internal/api/cache.go:400.85,402.29 2 0
github.com/popplywop/azboard/internal/api/cache.go:402.29,404.3 1 0
github.com/popplywop/azboard/internal/api/cache.go:405.2,406.16 2 0
github.com/popplywop/azboard/internal/api/cache.go:406.16,408.3 1 0
github.com/popplywop/azboard/internal/api/cache.go:409.2,410.17 2 0
github.com/popplywop/azboard/internal/api/cache.go:415.72,417.16 2 0
github.com/popplywop/azboard/internal/api/cache.go:417.16,419.3 1 0
github.com/popplywop/azboard/internal/api/cache.go:420.2,420.12 1 0
github.com/popplywop/azboard/internal/api/cache.go:423.70,425.16 2 0
github.com/popplywop/azboard/internal/api/cache.go:425.16,428.3 2 0
github.com/popplywop/azboard/internal/api/cache.go:429.2,429.12 1 0
github.com/popplywop/azboard/internal/api/cache.go:432.85,434.16 2 0
github.com/popplywop/azboard/internal/api/cache.go:434.16,436.3 1 0
github.com/popplywop/azboard/internal/api/cache.go:437.2,437.12 1 0
github.com/popplywop/azboard/internal/api/client.go:37.53,40.22 2 0
github.com/popplywop/azboard/internal/api/client.go:40.22,44.81 2 0
github.com/popplywop/azboard/internal/api/client.go:44.81,46.4 1 0
github.com/popplywop/azboard/internal/api/client.go:47.3,47.27 1 0
github.com/popplywop/azboard/internal/api/client.go:51.2,52.22 2 0
github.com/popplywop/azboard/internal/api/client.go:52.22,55.81 2 0
github.com/popplywop/azboard/internal/api/client.go:55.81,57.4 1 0
github.com/popplywop/azboard/internal/api/client.go:58.3,58.48 1 0
github.com/popplywop/azboard/internal/api/client.go:61.2,69.24 2 0
github.com/popplywop/azboard/internal/api/client.go:70.22,73.52 2 0
github.com/popplywop/azboard/internal/api/client.go:74.24,75.47 1 0
github.com/popplywop/azboard/internal/api/client.go:75.47,77.4 1 0
github.com/popplywop/azboard/internal/api/client.go:80.2,80.15 1 0
github.com/popplywop/azboard/internal/api/client.go:83.44,90.16 3 0
github.com/popplywop/azboard/internal/api/client.go:90.16,92.3 1 0
github.com/popplywop/azboard/internal/api/client.go:94.2,95.51 2 0
github.com/popplywop/azboard/internal/api/client.go:95.51,97.3 1 0
github.com/popplywop/azboard/internal/api/client.go:99.2,103.16 3 0
github.com/popplywop/azboard/internal/api/client.go:103.16,106.3 1 0
github.com/popplywop/azboard/internal/api/client.go:106.8,108.3 1 0
github.com/popplywop/azboard/internal/api/client.go:110.2,110.12 1 0
github.com/popplywop/azboard/internal/api/client.go:113.38,115.36 1 37
github.com/popplywop/azboard/internal/api/client.go:115.36,117.3 1 37
github.com/popplywop/azboard/internal/api/client.go:119.2,123.44 3 0
github.com/popplywop/azboard/internal/api/client.go:123.44,125.3 1 0
github.com/popplywop/azboard/internal/api/client.go:126.2,126.12 1 0
github.com/popplywop/azboard/internal/api/client.go:129.38,130.36 1 37
github.com/popplywop/azboard/internal/api/client.go:130.36,132.3 1 37
github.com/popplywop/azboard/internal/api/client.go:133.2,136.72 4 0
github.com/popplywop/azboard/internal/api/client.go:140.96,142.2 1 31
github.com/popplywop/azboard/internal/api/client.go:147.142,148.40 1 35
github.com/popplywop/azboard/internal/api/client.go:148.40,150.3 1 0
github.com/popplywop/azboard/internal/api/client.go:152.2,153.50 2 35
github.com/popplywop/azboard/internal/api/client.go:153.50,155.3 1 2
github.com/popplywop/azboard/internal/api/client.go:158.2,158.36 1 35
github.com/popplywop/azboard/internal/api/client.go:158.36,160.3 1 14
github.com/popplywop/azboard/internal/api/client.go:160.8,162.3 1 21
github.com/popplywop/azboard/internal/api/client.go:164.2,165.17 2 35
github.com/popplywop/azboard/internal/api/client.go:165.17,167.17 2 12
github.com/popplywop/azboard/internal/api/client.go:167.17,169.4 1 0
github.com/popplywop/azboard/internal/api/client.go:170.3,170.42 1 12
github.com/popplywop/azboard/internal/api/client.go:173.2,174.16 2 35
github.com/popplywop/azboard/internal/api/client.go:174.16,176.3 1 0
github.com/popplywop/azboard/internal/api/client.go:178.2,180.17 3 35
github.com/popplywop/azboard/internal/api/client.go:180.17,182.3 1 12
github.com/popplywop/azboard/internal/api/client.go:184.2,185.16 2 35
github.com/popplywop/azboard/internal/api/client.go:185.16,187.3 1 0
github.com/popplywop/azboard/internal/api/client.go:189.2,189.48 1 35
github.com/popplywop/azboard/internal/api/client.go:189.48,194.39 2 1
github.com/popplywop/azboard/internal/api/client.go:194.39,198.18 4 0
github.com/popplywop/azboard/internal/api/client.go:198.18,200.5 1 0
github.com/popplywop/azboard/internal/api/client.go:202.4,202.19 1 0
github.com/popplywop/azboard/internal/api/client.go:202.19,204.19 2 0
github.com/popplywop/azboard/internal/api/client.go:204.19,206.6 1 0
github.com/popplywop/azboard/internal/api/client.go:207.5,207.44 1 0
github.com/popplywop/azboard/internal/api/client.go:209.4,210.18 2 0
github.com/popplywop/azboard/internal/api/client.go:210.18,212.5 1 0
github.com/popplywop/azboard/internal/api/client.go:213.4,215.19 3 0
github.com/popplywop/azboard/internal/api/client.go:215.19,217.5 1 0
github.com/popplywop/azboard/internal/api/client.go:218.4,219.18 2 0
github.com/popplywop/azboard/internal/api/client.go:219.18,221.5 1 0
github.com/popplywop/azboard/internal/api/client.go:222.4,222.27 1 0
github.com/popplywop/azboard/internal/api/client.go:223.9,225.4 1 1
github.com/popplywop/azboard/internal/api/client.go:226.8,228.3 1 34
github.com/popplywop/azboard/internal/api/client.go:231.2,231.53 1 34
github.com/popplywop/azboard/internal/api/client.go:231.53,234.3 2 4
github.com/popplywop/azboard/internal/api/client.go:236.2,236.19 1 30
github.com/popplywop/azboard/internal/api/client.go:236.19,237.67 1 20
github.com/popplywop/azboard/internal/api/client.go:237.67,239.4 1 0
github.com/popplywop/azboard/internal/api/client.go:242.2,242.12 1 30
github.com/popplywop/azboard/internal/api/client.go:245.61,247.2 1 20
github.com/popplywop/azboard/internal/api/client.go:249.80,251.2 1 4
github.com/popplywop/azboard/internal/api/client.go:253.77,255.2 1 1
github.com/popplywop/azboard/internal/api/client.go:257.96,259.2 1 1
github.com/popplywop/azboard/internal/api/client.go:261.79,263.2 1 1
github.com/popplywop/azboard/internal/api/client.go:265.81,267.2 1 4
github.com/popplywop/azboard/internal/api/client.go:270.64,272.2 1 2
github.com/popplywop/azboard/internal/api/client.go:276.90,278.2 1 2
github.com/popplywop/azboard/internal/api/client.go:282.58,283.40 1 2
github.com/popplywop/azboard/internal/api/client.go:283.40,285.3 1 0
github.com/popplywop/azboard/internal/api/client.go:287.2,288.36 2 2
github.com/popplywop/azboard/internal/api/client.go:288.36,290.3 1 2
github.com/popplywop/azboard/internal/api/client.go:290.8,292.3 1 0
github.com/popplywop/azboard/internal/api/client.go:294.2,294.42 1 2
github.com/popplywop/azboard/internal/api/client.go:294.42,296.17 2 2
github.com/popplywop/azboard/internal/api/client.go:296.17,298.4 1 0
github.com/popplywop/azboard/internal/api/client.go:299.3,301.30 3 2
github.com/popplywop/azboard/internal/api/client.go:304.2,305.16 2 2
github.com/popplywop/azboard/internal/api/client.go:305.16,307.3 1 0
github.com/popplywop/azboard/internal/api/client.go:309.2,309.48 1 2
github.com/popplywop/azboard/internal/api/client.go:309.48,311.39 2 0
github.com/popplywop/azboard/internal/api/client.go:311.39,315.18 4 0
github.com/popplywop/azboard/internal/api/client.go:315.18,317.5 1 0
github.com/popplywop/azboard/internal/api/client.go:318.4,319.18 2 0
github.com/popplywop/azboard/internal/api/client.go:319.18,321.5 1 0
github.com/popplywop/azboard/internal/api/client.go:322.4,322.27 1 0
github.com/popplywop/azboard/internal/api/client.go:323.9,325.4 1 0
github.com/popplywop/azboard/internal/api/client.go:326.8,328.3 1 2
github.com/popplywop/azboard/internal/api/client.go:330.2,330.53 1 2
github.com/popplywop/azboard/internal/api/client.go:330.53,333.3 2 1
github.com/popplywop/azboard/internal/api/client.go:335.2,336.16 2 1
github.com/popplywop/azboard/internal/api/client.go:336.16,338.3 1 0
github.com/popplywop/azboard/internal/api/client.go:339.2,339.26 1 1
github.com/popplywop/azboard/internal/api/diff.go:13.92,22.2 7 0
github.com/popplywop/azboard/internal/api/diff.go:25.123,27.31 2 0
github.com/popplywop/azboard/internal/api/diff.go:27.31,29.3 1 0
github.com/popplywop/azboard/internal/api/diff.go:30.2,37.25 6 0
github.com/popplywop/azboard/internal/api/diff.go:37.25,39.17 2 0
github.com/popplywop/azboard/internal/api/diff.go:39.17,41.4 1 0
github.com/popplywop/azboard/internal/api/diff.go:42.3,42.48 1 0
github.com/popplywop/azboard/internal/api/diff.go:45.2,45.28 1 0
github.com/popplywop/azboard/internal/api/diff.go:45.28,47.17 2 0
github.com/popplywop/azboard/internal/api/diff.go:47.17,49.4 1 0
github.com/popplywop/azboard/internal/api/diff.go:50.3,50.48 1 0
github.com/popplywop/azboard/internal/api/diff.go:53.2,62.16 3 0
github.com/popplywop/azboard/internal/api/diff.go:62.16,64.3 1 0
github.com/popplywop/azboard/internal/api/diff.go:66.2,66.35 1 0
github.com/popplywop/azboard/internal/api/diff.go:66.35,68.3 1 0
github.com/popplywop/azboard/internal/api/diff.go:72.2,72.50 1 0
github.com/popplywop/azboard/internal/api/diff.go:72.50,74.3 1 0
github.com/popplywop/azboard/internal/api/diff.go:76.2,76.18 1 0
github.com/popplywop/azboard/internal/api/diff.go:79.45,80.43 1 3
github.com/popplywop/azboard/internal/api/diff.go:80.43,82.3 1 2
github.com/popplywop/azboard/internal/api/diff.go:83.2,83.17 1 1
github.com/popplywop/azboard/internal/api/diff.go:86.44,90.2 3 4
github.com/popplywop/azboard/internal/api/errors.go:14.35,16.2 1 2
github.com/popplywop/azboard/internal/api/errors.go:19.33,22.2 2 2
github.com/popplywop/azboard/internal/api/errors.go:25.37,28.2 2 0
github.com/popplywop/azboard/internal/api/errors.go:31.36,34.2 2 1
github.com/popplywop/azboard/internal/api/errors.go:37.36,40.2 2 1
github.com/popplywop/azboard/internal/api/errors.go:43.34,45.30 2 5
github.com/popplywop/azboard/internal/api/errors.go:45.30,47.3 1 1
github.com/popplywop/azboard/internal/api/errors.go:48.2,48.9 1 4
github.com/popplywop/azboard/internal/api/errors.go:49.32,50.60 1 1
github.com/popplywop/azboard/internal/api/errors.go:51.32,52.63 1 1
github.com/popplywop/azboard/internal/api/errors.go:53.32,54.61 1 1
github.com/popplywop/azboard/internal/api/errors.go:55.32,56.67 1 1
github.com/popplywop/azboard/internal/api/errors.go:57.10,58.30 1 0
github.com/popplywop/azboard/internal/api/iterations.go:6.89,10.43 3 1
github.com/popplywop/azboard/internal/api/iterations.go:10.43,12.3 1 0
github.com/popplywop/azboard/internal/api/iterations.go:14.2,14.24 1 1
github.com/popplywop/azboard/internal/api/iterations.go:28.114,34.43 3 1
github.com/popplywop/azboard/internal/api/iterations.go:34.43,36.3 1 0
github.com/popplywop/azboard/internal/api/iterations.go:38.2,39.39 2 1
github.com/popplywop/azboard/internal/api/iterations.go:39.39,46.3 1 2
github.com/popplywop/azboard/internal/api/iterations.go:48.2,48.21 1 1
github.com/popplywop/azboard/internal/api/mock.go:15.34,17.2 1 0
github.com/popplywop/azboard/internal/api/mock.go:33.38,35.2 1 37
github.com/popplywop/azboard/internal/api/mock.go:37.25,37.38 1 2
github.com/popplywop/azboard/internal/api/mock.go:405.53,407.2 1 1
github.com/popplywop/azboard/internal/api/mock.go:409.66,411.2 1 5
github.com/popplywop/azboard/internal/api/mock.go:413.73,421.2 1 0
github.com/popplywop/azboard/internal/api/mock.go:423.77,425.29 2 11
github.com/popplywop/azboard/internal/api/mock.go:425.29,426.45 1 88
github.com/popplywop/azboard/internal/api/mock.go:426.45,428.4 1 66
github.com/popplywop/azboard/internal/api/mock.go:430.2,430.20 1 11
github.com/popplywop/azboard/internal/api/mock.go:433.94,435.29 2 0
github.com/popplywop/azboard/internal/api/mock.go:435.29,436.81 1 0
github.com/popplywop/azboard/internal/api/mock.go:436.81,438.4 1 0
github.com/popplywop/azboard/internal/api/mock.go:440.2,440.20 1 0
github.com/popplywop/azboard/internal/api/mock.go:443.69,445.29 2 0
github.com/popplywop/azboard/internal/api/mock.go:445.29,446.17 1 0
github.com/popplywop/azboard/internal/api/mock.go:446.17,448.4 1 0
github.com/popplywop/azboard/internal/api/mock.go:450.2,450.20 1 0
github.com/popplywop/azboard/internal/api/mock.go:453.91,455.29 2 0
github.com/popplywop/azboard/internal/api/mock.go:455.29,456.51 1 0
github.com/popplywop/azboard/internal/api/mock.go:456.51,458.4 1 0
github.com/popplywop/azboard/internal/api/mock.go:460.2,460.20 1 0
github.com/popplywop/azboard/internal/api/mock.go:463.73,464.29 1 0
github.com/popplywop/azboard/internal/api/mock.go:464.29,465.31 1 0
github.com/popplywop/azboard/internal/api/mock.go:465.31,467.4 1 0
github.com/popplywop/azboard/internal/api/mock.go:469.2,469.50 1 0
github.com/popplywop/azboard/internal/api/mock.go:472.84,474.2 1 0
github.com/popplywop/azboard/internal/api/mock.go:476.87,477.18 1 0
github.com/popplywop/azboard/internal/api/mock.go:477.18,479.3 1 0
github.com/popplywop/azboard/internal/api/mock.go:480.2,480.24 1 0
github.com/popplywop/azboard/internal/api/mock.go:483.138,485.2 1 0
github.com/popplywop/azboard/internal/api/mock.go:487.123,489.2 1 0
github.com/popplywop/azboard/internal/api/mock.go:491.72,493.2 1 0
github.com/popplywop/azboard/internal/api/mock.go:495.79,497.2 1 0
github.com/popplywop/azboard/internal/api/mock.go:499.108,501.2 1 0
github.com/popplywop/azboard/internal/api/mock.go:503.93,505.2 1 0
github.com/popplywop/azboard/internal/api/mock.go:507.97,509.2 1 0
github.com/popplywop/azboard/internal/api/mock.go:511.90,513.2 1 0
github.com/popplywop/azboard/internal/api/mock.go:515.57,517.2 1 0
github.com/popplywop/azboard/internal/api/mock.go:519.93,520.18 1 0
github.com/popplywop/azboard/internal/api/mock.go:520.18,522.3 1 0
github.com/popplywop/azboard/internal/api/mock.go:523.2,523.150 1 0
github.com/popplywop/azboard/internal/api/mock.go:526.118,527.18 1 0
github.com/popplywop/azboard/internal/api/mock.go:527.18,529.3 1 0
github.com/popplywop/azboard/internal/api/mock.go:530.2,530.33 1 0
github.com/popplywop/azboard/internal/api/mock.go:533.96,535.2 1 0
github.com/popplywop/azboard/internal/api/mock.go:537.127,539.2 1 0
github.com/popplywop/azboard/internal/api/mock.go:541.118,543.35 2 0
github.com/popplywop/azboard/internal/api/mock.go:543.35,544.112 1 0
github.com/popplywop/azboard/internal/api/mock.go:544.112,545.12 1 0
github.com/popplywop/azboard/internal/api/mock.go:547.3,547.26 1 0
github.com/popplywop/azboard/internal/api/mock.go:547.26,548.43 1 0
github.com/popplywop/azboard/internal/api/mock.go:548.43,549.13 1 0
github.com/popplywop/azboard/internal/api/mock.go:551.9,551.71 1 0
github.com/popplywop/azboard/internal/api/mock.go:551.71,552.12 1 0
github.com/popplywop/azboard/internal/api/mock.go:554.3,554.30 1 0
github.com/popplywop/azboard/internal/api/mock.go:556.2,556.20 1 0
github.com/popplywop/azboard/internal/api/mock.go:559.60,560.35 1 0
github.com/popplywop/azboard/internal/api/mock.go:560.35,561.18 1 0
github.com/popplywop/azboard/internal/api/mock.go:561.18,563.4 1 0
github.com/popplywop/azboard/internal/api/mock.go:565.2,565.54 1 0
github.com/popplywop/azboard/internal/api/mock.go:568.77,569.16 1 0
github.com/popplywop/azboard/internal/api/mock.go:569.16,571.3 1 0
github.com/popplywop/azboard/internal/api/mock.go:572.2,572.33 1 0
github.com/popplywop/azboard/internal/api/mock.go:575.70,577.2 1 0
github.com/popplywop/azboard/internal/api/mock.go:579.68,581.2 1 0
github.com/popplywop/azboard/internal/api/mock.go:583.83,585.9 2 0
github.com/popplywop/azboard/internal/api/mock.go:585.9,587.3 1 0
github.com/popplywop/azboard/internal/api/mock.go:588.2,588.20 1 0
github.com/popplywop/azboard/internal/api/mock.go:591.83,593.2 1 0
github.com/popplywop/azboard/internal/api/pullrequests.go:12.73,16.43 3 4
github.com/popplywop/azboard/internal/api/pullrequests.go:16.43,18.3 1 3
github.com/popplywop/azboard/internal/api/pullrequests.go:20.2,20.24 1 1
github.com/popplywop/azboard/internal/api/pullrequests.go:24.90,28.43 3 1
github.com/popplywop/azboard/internal/api/pullrequests.go:28.43,30.3 1 0
github.com/popplywop/azboard/internal/api/pullrequests.go:32.2,32.24 1 1
github.com/popplywop/azboard/internal/api/pullrequests.go:37.65,41.43 3 1
github.com/popplywop/azboard/internal/api/pullrequests.go:41.43,43.3 1 0
github.com/popplywop/azboard/internal/api/pullrequests.go:45.2,45.24 1 1
github.com/popplywop/azboard/internal/api/pullrequests.go:49.87,53.43 3 1
github.com/popplywop/azboard/internal/api/pullrequests.go:53.43,55.3 1 0
github.com/popplywop/azboard/internal/api/pullrequests.go:57.2,57.24 1 1
github.com/popplywop/azboard/internal/api/pullrequests.go:66.69,70.43 3 2
github.com/popplywop/azboard/internal/api/pullrequests.go:70.43,72.3 1 0
github.com/popplywop/azboard/internal/api/pullrequests.go:73.2,73.28 1 2
github.com/popplywop/azboard/internal/api/pullrequests.go:73.28,74.42 1 2
github.com/popplywop/azboard/internal/api/pullrequests.go:74.42,76.4 1 1
github.com/popplywop/azboard/internal/api/pullrequests.go:78.2,78.59 1 1
github.com/popplywop/azboard/internal/api/pullrequests.go:82.80,86.41 3 1
github.com/popplywop/azboard/internal/api/pullrequests.go:86.41,88.3 1 0
github.com/popplywop/azboard/internal/api/pullrequests.go:90.2,90.17 1 1
github.com/popplywop/azboard/internal/api/pullrequests.go:94.83,98.43 3 1
github.com/popplywop/azboard/internal/api/pullrequests.go:98.43,100.3 1 0
github.com/popplywop/azboard/internal/api/pullrequests.go:102.2,102.24 1 1
github.com/popplywop/azboard/internal/api/pullrequests.go:106.134,118.48 4 1
github.com/popplywop/azboard/internal/api/pullrequests.go:118.48,120.3 1 0
github.com/popplywop/azboard/internal/api/pullrequests.go:121.2,121.16 1 1
github.com/popplywop/azboard/internal/api/pullrequests.go:126.119,139.2 3 1
github.com/popplywop/azboard/internal/api/pullrequests.go:142.68,146.2 3 1
github.com/popplywop/azboard/internal/api/pullrequests.go:149.75,153.2 3 1
github.com/popplywop/azboard/internal/api/pullrequests.go:157.104,169.2 3 1
github.com/popplywop/azboard/internal/api/pullrequests.go:172.89,181.2 3 1
github.com/popplywop/azboard/internal/api/pullrequests.go:184.93,190.2 3 1
github.com/popplywop/azboard/internal/api/pullrequests.go:193.86,199.2 3 1
github.com/popplywop/azboard/internal/api/pullrequests.go:203.53,206.94 2 1
github.com/popplywop/azboard/internal/api/pullrequests.go:206.94,208.3 1 1
github.com/popplywop/azboard/internal/api/pullrequests.go:212.2,219.111 4 0
github.com/popplywop/azboard/internal/api/pullrequests.go:219.111,221.3 1 0
github.com/popplywop/azboard/internal/api/pullrequests.go:223.2,223.106 1 0
github.com/popplywop/azboard/internal/api/repos.go:13.49,16.46 3 1
github.com/popplywop/azboard/internal/api/repos.go:16.46,18.3 1 0
github.com/popplywop/azboard/internal/api/repos.go:19.2,19.21 1 1
github.com/popplywop/azboard/internal/api/repos.go:23.62,25.58 2 1
github.com/popplywop/azboard/internal/api/repos.go:25.58,27.3 1 0
github.com/popplywop/azboard/internal/api/repos.go:28.2,28.24 1 1
github.com/popplywop/azboard/internal/api/repos.go:32.69,35.43 3 1
github.com/popplywop/azboard/internal/api/repos.go:35.43,37.3 1 0
github.com/popplywop/azboard/internal/api/repos.go:38.2,38.24 1 1
github.com/popplywop/azboard/internal/api/types.go:32.46,34.2 1 1
github.com/popplywop/azboard/internal/api/types.go:37.46,39.2 1 1
github.com/popplywop/azboard/internal/api/types.go:41.41,43.11 2 12
github.com/popplywop/azboard/internal/api/types.go:43.11,45.3 1 8
github.com/popplywop/azboard/internal/api/types.go:46.2,46.12 1 4
github.com/popplywop/azboard/internal/api/types.go:72.40,73.16 1 6
github.com/popplywop/azboard/internal/api/types.go:74.10,75.20 1 1
github.com/popplywop/azboard/internal/api/types.go:76.9,77.37 1 1
github.com/popplywop/azboard/internal/api/types.go:78.9,79.19 1 1
github.com/popplywop/azboard/internal/api/types.go:80.10,81.30 1 1
github.com/popplywop/azboard/internal/api/types.go:82.11,83.20 1 1
github.com/popplywop/azboard/internal/api/types.go:84.10,85.19 1 1
github.com/popplywop/azboard/internal/api/types.go:90.38,91.16 1 6
github.com/popplywop/azboard/internal/api/types.go:92.10,93.15 1 1
github.com/popplywop/azboard/internal/api/types.go:94.9,95.13 1 1
github.com/popplywop/azboard/internal/api/types.go:96.9,97.14 1 1
github.com/popplywop/azboard/internal/api/types.go:98.10,99.15 1 1
github.com/popplywop/azboard/internal/api/types.go:100.11,101.15 1 1
github.com/popplywop/azboard/internal/api/types.go:102.10,103.13 1 1
github.com/popplywop/azboard/internal/api/types.go:208.39,210.2 1 2
github.com/popplywop/azboard/internal/api/workitems.go:14.114,20.77 4 1
github.com/popplywop/azboard/internal/api/workitems.go:20.77,22.3 1 0
github.com/popplywop/azboard/internal/api/workitems.go:24.2,24.32 1 1
github.com/popplywop/azboard/internal/api/workitems.go:24.32,26.3 1 0
github.com/popplywop/azboard/internal/api/workitems.go:29.2,30.39 2 1
github.com/popplywop/azboard/internal/api/workitems.go:30.39,32.22 2 2
github.com/popplywop/azboard/internal/api/workitems.go:32.22,33.9 1 0
github.com/popplywop/azboard/internal/api/workitems.go:37.2,39.43 3 1
github.com/popplywop/azboard/internal/api/workitems.go:39.43,41.3 1 0
github.com/popplywop/azboard/internal/api/workitems.go:43.2,43.24 1 1
github.com/popplywop/azboard/internal/api/workitems.go:47.56,50.41 3 1
github.com/popplywop/azboard/internal/api/workitems.go:50.41,52.3 1 0
github.com/popplywop/azboard/internal/api/workitems.go:53.2,53.16 1 1
github.com/popplywop/azboard/internal/api/workitems.go:57.73,60.67 3 1
github.com/popplywop/azboard/internal/api/workitems.go:60.67,62.3 1 0
github.com/popplywop/azboard/internal/api/workitems.go:63.2,63.27 1 1
github.com/popplywop/azboard/internal/api/workitems.go:67.66,73.2 3 1
github.com/popplywop/azboard/internal/api/workitems.go:76.64,80.2 3 1
github.com/popplywop/azboard/internal/api/workitems.go:84.79,87.43 3 1
github.com/popplywop/azboard/internal/api/workitems.go:87.43,89.3 1 0
github.com/popplywop/azboard/internal/api/workitems.go:90.2,91.31 2 1
github.com/popplywop/azboard/internal/api/workitems.go:91.31,93.3 1 3
github.com/popplywop/azboard/internal/api/workitems.go:94.2,94.19 1 1
github.com/popplywop/azboard/internal/api/workitems.go:99.79,115.2 3 1
github.com/popplywop/azboard/internal/api/workitems.go:118.34,120.2 1 21
github.com/popplywop/azboard/internal/api/workitems.go:123.106,127.20 3 8
github.com/popplywop/azboard/internal/api/workitems.go:127.20,129.27 2 4
github.com/popplywop/azboard/internal/api/workitems.go:129.27,131.4 1 6
github.com/popplywop/azboard/internal/api/workitems.go:132.3,132.107 1 4
github.com/popplywop/azboard/internal/api/workitems.go:135.2,135.22 1 8
github.com/popplywop/azboard/internal/api/workitems.go:135.22,138.3 1 2
github.com/popplywop/azboard/internal/api/workitems.go:140.2,140.20 1 8
github.com/popplywop/azboard/internal/api/workitems.go:140.20,142.3 1 3
github.com/popplywop/azboard/internal/api/workitems.go:144.2,144.16 1 8
github.com/popplywop/azboard/internal/api/workitems.go:144.16,146.3 1 2
github.com/popplywop/azboard/internal/api/workitems.go:148.2,151.3 1 8
github.com/popplywop/azboard/internal/ui/uiutil/util.go:11.44,12.17 1 6
github.com/popplywop/azboard/internal/ui/uiutil/util.go:12.17,14.3 1 1
github.com/popplywop/azboard/internal/ui/uiutil/util.go:15.2,15.41 1 5
github.com/popplywop/azboard/internal/ui/uiutil/util.go:15.41,17.3 1 2
github.com/popplywop/azboard/internal/ui/uiutil/util.go:18.2,19.17 2 3
github.com/popplywop/azboard/internal/ui/uiutil/util.go:19.17,21.3 1 1
github.com/popplywop/azboard/internal/ui/uiutil/util.go:22.2,22.44 1 2
github.com/popplywop/azboard/internal/ui/uiutil/util.go:26.46,27.16 1 4
github.com/popplywop/azboard/internal/ui/uiutil/util.go:27.16,29.3 1 1
github.com/popplywop/azboard/internal/ui/uiutil/util.go:31.2,32.54 2 3
github.com/popplywop/azboard/internal/ui/uiutil/util.go:32.54,33.12 1 4
github.com/popplywop/azboard/internal/ui/uiutil/util.go:33.12,35.4 1 1
github.com/popplywop/azboard/internal/ui/uiutil/util.go:36.3,36.49 1 4
github.com/popplywop/azboard/internal/ui/uiutil/util.go:38.2,38.24 1 3
github.com/popplywop/azboard/internal/ui/uiutil/util.go:43.46,44.43 1 7
github.com/popplywop/azboard/internal/ui/uiutil/util.go:44.43,46.3 1 5
github.com/popplywop/azboard/internal/ui/uiutil/util.go:48.2,50.21 3 2
github.com/popplywop/azboard/internal/ui/uiutil/util.go:50.21,52.3 1 0
github.com/popplywop/azboard/internal/ui/uiutil/util.go:54.2,55.29 2 2
github.com/popplywop/azboard/internal/ui/uiutil/util.go:55.29,58.13 2 4
github.com/popplywop/azboard/internal/ui/uiutil/util.go:58.13,59.23 1 2
github.com/popplywop/azboard/internal/ui/uiutil/util.go:59.23,61.28 2 1
github.com/popplywop/azboard/internal/ui/uiutil/util.go:61.28,65.6 3 2
github.com/popplywop/azboard/internal/ui/uiutil/util.go:66.5,67.25 2 1
github.com/popplywop/azboard/internal/ui/uiutil/util.go:68.10,71.5 2 1
github.com/popplywop/azboard/internal/ui/uiutil/util.go:72.4,72.12 1 2
github.com/popplywop/azboard/internal/ui/uiutil/util.go:75.3,75.32 1 2
github.com/popplywop/azboard/internal/ui/uiutil/util.go:75.32,77.23 2 1
github.com/popplywop/azboard/internal/ui/uiutil/util.go:77.23,79.28 2 0
github.com/popplywop/azboard/internal/ui/uiutil/util.go:79.28,83.6 3 0
github.com/popplywop/azboard/internal/ui/uiutil/util.go:84.5,85.25 2 0
github.com/popplywop/azboard/internal/ui/uiutil/util.go:86.10,89.5 2 1
github.com/popplywop/azboard/internal/ui/uiutil/util.go:90.9,94.4 3 1
github.com/popplywop/azboard/internal/ui/uiutil/util.go:97.2,97.24 1 2
github.com/popplywop/azboard/internal/ui/uiutil/util.go:101.33,104.22 3 0
github.com/popplywop/azboard/internal/ui/uiutil/util.go:105.16,107.23 2 0
github.com/popplywop/azboard/internal/ui/uiutil/util.go:108.17,110.42 2 0
github.com/popplywop/azboard/internal/ui/uiutil/util.go:111.10,113.23 2 0
github.com/popplywop/azboard/internal/ui/uiutil/util.go:115.2,115.40 1 0
github.com/popplywop/azboard/internal/ui/theme/styles.go:271.62,272.13 1 5
github.com/popplywop/azboard/internal/ui/theme/styles.go:272.13,274.3 1 1
github.com/popplywop/azboard/internal/ui/theme/styles.go:275.2,275.16 1 4
github.com/popplywop/azboard/internal/ui/theme/styles.go:276.16,277.22 1 1
github.com/popplywop/azboard/internal/ui/theme/styles.go:278.19,279.25 1 1
github.com/popplywop/azboard/internal/ui/theme/styles.go:280.19,281.25 1 1
github.com/popplywop/azboard/internal/ui/theme/styles.go:282.10,283.29 1 1
github.com/popplywop/azboard/internal/ui/theme/styles.go:288.56,289.18 1 6
github.com/popplywop/azboard/internal/ui/theme/styles.go:290.13,291.21 1 1
github.com/popplywop/azboard/internal/ui/theme/styles.go:292.20,293.27 1 1
github.com/popplywop/azboard/internal/ui/theme/styles.go:294.14,295.22 1 1
github.com/popplywop/azboard/internal/ui/theme/styles.go:296.17,297.25 1 1
github.com/popplywop/azboard/internal/ui/theme/styles.go:298.14,299.22 1 1
github.com/popplywop/azboard/internal/ui/theme/styles.go:300.10,301.25 1 1
github.com/popplywop/azboard/internal/ui/theme/styles.go:306.47,307.18 1 6
github.com/popplywop/azboard/internal/ui/theme/styles.go:308.13,309.15 1 1
github.com/popplywop/azboard/internal/ui/theme/styles.go:310.20,311.15 1 1
github.com/popplywop/azboard/internal/ui/theme/styles.go:312.14,313.15 1 1
github.com/popplywop/azboard/internal/ui/theme/styles.go:314.14,315.15 1 1
github.com/popplywop/azboard/internal/ui/theme/styles.go:316.17,317.15 1 1
github.com/popplywop/azboard/internal/ui/theme/styles.go:318.10,319.14 1 1
github.com/popplywop/azboard/internal/ui/theme/styles.go:324.54,325.15 1 8
github.com/popplywop/azboard/internal/ui/theme/styles.go:326.31,327.29 1 2
github.com/popplywop/azboard/internal/ui/theme/styles.go:328.22,329.26 1 2
github.com/popplywop/azboard/internal/ui/theme/styles.go:330.18,331.31 1 1
github.com/popplywop/azboard/internal/ui/theme/styles.go:332.16,333.29 1 1
github.com/popplywop/azboard/internal/ui/theme/styles.go:334.14,335.27 1 1
github.com/popplywop/azboard/internal/ui/theme/styles.go:336.10,337.25 1 1
github.com/popplywop/azboard/internal/ui/theme/styles.go:344.41,345.14 1 6
github.com/popplywop/azboard/internal/ui/theme/styles.go:346.10,347.22 1 1
github.com/popplywop/azboard/internal/ui/theme/styles.go:348.9,349.37 1 1
github.com/popplywop/azboard/internal/ui/theme/styles.go:350.9,351.18 1 1
github.com/popplywop/azboard/internal/ui/theme/styles.go:352.10,353.21 1 1
github.com/popplywop/azboard/internal/ui/theme/styles.go:354.11,355.22 1 1
github.com/popplywop/azboard/internal/ui/theme/styles.go:356.10,357.18 1 1
github.com/popplywop/azboard/internal/update/check.go:21.56,22.39 1 2
github.com/popplywop/azboard/internal/update/check.go:22.39,24.3 1 2
github.com/popplywop/azboard/internal/update/check.go:26.2,28.16 3 0
github.com/popplywop/azboard/internal/update/check.go:28.16,30.3 1 0
github.com/popplywop/azboard/internal/update/check.go:31.2,33.38 2 0
github.com/popplywop/azboard/internal/update/check.go:33.38,35.3 1 0
github.com/popplywop/azboard/internal/update/check.go:37.2,38.68 2 0
github.com/popplywop/azboard/internal/update/check.go:38.68,40.3 1 0
github.com/popplywop/azboard/internal/update/check.go:42.2,43.18 2 0
github.com/popplywop/azboard/internal/update/check.go:43.18,45.3 1 0
github.com/popplywop/azboard/internal/update/check.go:47.2,47.30 1 0
github.com/popplywop/azboard/internal/update/check.go:47.30,49.3 1 0
github.com/popplywop/azboard/internal/update/check.go:50.2,50.22 1 0
github.com/popplywop/azboard/internal/update/check.go:55.43,58.18 3 8
github.com/popplywop/azboard/internal/update/check.go:58.18,61.3 1 0
github.com/popplywop/azboard/internal/update/check.go:63.2,63.22 1 8
github.com/popplywop/azboard/internal/update/check.go:63.22,65.3 1 1
github.com/popplywop/azboard/internal/update/check.go:66.2,66.22 1 7
github.com/popplywop/azboard/internal/update/check.go:66.22,68.3 1 3
github.com/popplywop/azboard/internal/update/check.go:69.2,69.24 1 4
github.com/popplywop/azboard/internal/update/check.go:73.50,76.21 3 26
github.com/popplywop/azboard/internal/update/check.go:76.21,78.3 1 4
github.com/popplywop/azboard/internal/update/check.go:80.2,83.16 3 22
github.com/popplywop/azboard/internal/update/check.go:83.16,85.3 1 1
github.com/popplywop/azboard/internal/update/check.go:86.2,87.16 2 21
github.com/popplywop/azboard/internal/update/check.go:87.16,89.3 1 0
github.com/popplywop/azboard/internal/update/check.go:90.2,91.16 2 21
github.com/popplywop/azboard/internal/update/check.go:91.16,93.3 1 0
github.com/popplywop/azboard/internal/update/check.go:94.2,94.34 1 21
github.com/popplywop/azboard/internal/update/check.go:98.56,100.2 1 1
github.com/popplywop/azboard/internal/ui/workitems/detail.go:96.97,121.22 22 0
github.com/popplywop/azboard/internal/ui/workitems/detail.go:121.22,123.3 1 0
github.com/popplywop/azboard/internal/ui/workitems/detail.go:124.2,125.28 2 0
github.com/popplywop/azboard/internal/ui/workitems/detail.go:125.28,126.30 1 0
github.com/popplywop/azboard/internal/ui/workitems/detail.go:126.30,128.9 2 0
github.com/popplywop/azboard/internal/ui/workitems/detail.go:132.2,144.3 1 0
github.com/popplywop/azboard/internal/ui/workitems/detail.go:147.37,149.2 1 0
github.com/popplywop/azboard/internal/ui/workitems/detail.go:153.41,155.2 1 0
github.com/popplywop/azboard/internal/ui/workitems/detail.go:157.44,159.24 2 0
github.com/popplywop/azboard/internal/ui/workitems/detail.go:159.24,161.17 2 0
github.com/popplywop/azboard/internal/ui/workitems/detail.go:161.17,163.4 1 0
github.com/popplywop/azboard/internal/ui/workitems/detail.go:164.3,164.41 1 0
github.com/popplywop/azboard/internal/ui/workitems/detail.go:168.42,170.24 2 0
github.com/popplywop/azboard/internal/ui/workitems/detail.go:170.24,172.17 2 0
github.com/popplywop/azboard/internal/ui/workitems/detail.go:172.17,174.4 1 0
github.com/popplywop/azboard/internal/ui/workitems/detail.go:175.3,175.40 1 0
github.com/popplywop/azboard/internal/ui/workitems/detail.go:179.46,181.24 2 0
github.com/popplywop/azboard/internal/ui/workitems/detail.go:181.24,183.17 2 0
github.com/popplywop/azboard/internal/ui/workitems/detail.go:183.17,185.4 1 0
github.com/popplywop/azboard/internal/ui/workitems/detail.go:186.3,186.55 1 0
github.com/popplywop/azboard/internal/ui/workitems/detail.go:190.50,193.24 3 0
github.com/popplywop/azboard/internal/ui/workitems/detail.go:193.24,195.17 2 0
github.com/popplywop/azboard/internal/ui/workitems/detail.go:195.17,197.4 1 0
github.com/popplywop/azboard/internal/ui/workitems/detail.go:198.3,198.27 1 0
github.com/popplywop/azboard/internal/ui/workitems/detail.go:202.46,205.24 3 0
github.com/popplywop/azboard/internal/ui/workitems/detail.go:205.24,207.17 2 0
github.com/popplywop/azboard/internal/ui/workitems/detail.go:207.17,209.4 1 0
github.com/popplywop/azboard/internal/ui/workitems/detail.go:210.3,210.28 1 0
github.com/popplywop/azboard/internal/ui/workitems/detail.go:214.59,216.24 2 0
github.com/popplywop/azboard/internal/ui/workitems/detail.go:216.24,218.20 2 0
github.com/popplywop/azboard/internal/ui/workitems/detail.go:218.20,220.4 1 0
github.com/popplywop/azboard/internal/ui/workitems/detail.go:223.3,224.64 2 0
github.com/popplywop/azboard/internal/ui/workitems/detail.go:224.64,226.4 1 0
github.com/popplywop/azboard/internal/ui/workitems/detail.go:229.3,230.17 2 0
github.com/popplywop/azboard/internal/ui/workitems/detail.go:230.17,232.4 1 0
github.com/popplywop/azboard/internal/ui/workitems/detail.go:235.3,236.17 2 0
github.com/popplywop/azboard/internal/ui/workitems/detail.go:236.17,238.4 1 0
github.com/popplywop/azboard/internal/ui/workitems/detail.go:241.3,244.68 2 0
github.com/popplywop/azboard/internal/ui/workitems/detail.go:244.68,246.4 1 0
github.com/popplywop/azboard/internal/ui/workitems/detail.go:247.3,247.36 1 0
github.com/popplywop/azboard/internal/ui/workitems/detail.go:251.88,254.60 3 0
github.com/popplywop/azboard/internal/ui/workitems/detail.go:254.60,256.3 1 0
github.com/popplywop/azboard/internal/ui/workitems/detail.go:259.65,262.27 2 0
github.com/popplywop/azboard/internal/ui/workitems/detail.go:263.25,267.14 4 0
github.com/popplywop/azboard/internal/ui/workitems/detail.go:267.14,269.4 1 0
github.com/popplywop/azboard/internal/ui/workitems/detail.go:271.33,275.14 4 0
github.com/popplywop/azboard/internal/ui/workitems/detail.go:275.14,277.4 1 0
github.com/popplywop/azboard/internal/ui/workitems/detail.go:279.32,282.21 3 0
github.com/popplywop/azboard/internal/ui/workitems/detail.go:284.28,288.40 3 0
github.com/popplywop/azboard/internal/ui/workitems/detail.go:288.40,289.33 1 0
github.com/popplywop/azboard/internal/ui/workitems/detail.go:289.33,291.10 2 0
github.com/popplywop/azboard/internal/ui/workitems/detail.go:294.3,295.14 2 0
github.com/popplywop/azboard/internal/ui/workitems/detail.go:295.14,297.4 1 0
github.com/popplywop/azboard/internal/ui/workitems/detail.go:299.31,299.31 0 0
github.com/popplywop/azboard/internal/ui/workitems/detail.go:302.23,307.40 4 0
github.com/popplywop/azboard/internal/ui/workitems/detail.go:307.40,308.33 1 0
github.com/popplywop/azboard/internal/ui/workitems/detail.go:308.33,310.10 2 0
github.com/popplywop/azboard/internal/ui/workitems/detail.go:314.26,315.26 1 0
github.com/popplywop/azboard/internal/ui/workitems/detail.go:318.23,324.47 6 0
github.com/popplywop/azboard/internal/ui/workitems/detail.go:326.27,330.32 4 0
github.com/popplywop/azboard/internal/ui/workitems/detail.go:332.24,338.21 6 0
github.com/popplywop/azboard/internal/ui/workitems/detail.go:340.23,346.21 6 0
github.com/popplywop/azboard/internal/ui/workitems/detail.go:348.19,353.32 5 0
github.com/popplywop/azboard/internal/ui/workitems/detail.go:355.22,360.32 5 0
github.com/popplywop/azboard/internal/ui/workitems/detail.go:362.23,363.18 1 0
github.com/popplywop/azboard/internal/ui/workitems/detail.go:365.23,366.16 1 0
github.com/popplywop/azboard/internal/ui/workitems/detail.go:366.16,370.4 3 0
github.com/popplywop/azboard/internal/ui/workitems/detail.go:372.23,373.17 1 0
github.com/popplywop/azboard/internal/ui/workitems/detail.go:374.21,376.18 2 0
github.com/popplywop/azboard/internal/ui/workitems/detail.go:376.18,378.5 1 0
github.com/popplywop/azboard/internal/ui/workitems/detail.go:379.26,381.17 2 0
github.com/popplywop/azboard/internal/ui/workitems/detail.go:382.22,384.18 2 0
github.com/popplywop/azboard/internal/ui/workitems/detail.go:384.18,386.5 1 0
github.com/popplywop/azboard/internal/ui/workitems/detail.go:387.21,389.18 2 0
github.com/popplywop/azboard/internal/ui/workitems/detail.go:389.18,391.5 1 0
github.com/popplywop/azboard/internal/ui/workitems/detail.go:396.2,396.16 1 0
github.com/popplywop/azboard/internal/ui/workitems/detail.go:397.21,400.27 3 0
github.com/popplywop/azboard/internal/ui/workitems/detail.go:401.20,404.27 3 0
github.com/popplywop/azboard/internal/ui/workitems/detail.go:405.25,405.25 0 0
github.com/popplywop/azboard/internal/ui/workitems/detail.go:407.10,408.28 1 0
github.com/popplywop/azboard/internal/ui/workitems/detail.go:408.28,412.4 3 0
github.com/popplywop/azboard/internal/ui/workitems/detail.go:415.2,415.30 1 0
github.com/popplywop/azboard/internal/ui/workitems/detail.go:418.69,419.22 1 0
github.com/popplywop/azboard/internal/ui/workitems/detail.go:420.13,421.25 1 0
github.com/popplywop/azboard/internal/ui/workitems/detail.go:421.25,421.59 1 0
github.com/popplywop/azboard/internal/ui/workitems/detail.go:422.11,425.69 3 0
github.com/popplywop/azboard/internal/ui/workitems/detail.go:426.11,429.13 3 0
github.com/popplywop/azboard/internal/ui/workitems/detail.go:430.11,433.28 3 0
github.com/popplywop/azboard/internal/ui/workitems/detail.go:434.11,437.27 3 0
github.com/popplywop/azboard/internal/ui/workitems/detail.go:438.11,439.27 1 0
github.com/popplywop/azboard/internal/ui/workitems/detail.go:441.2,441.12 1 0
github.com/popplywop/azboard/internal/ui/workitems/detail.go:444.74,445.22 1 0
github.com/popplywop/azboard/internal/ui/workitems/detail.go:446.13,449.13 3 0
github.com/popplywop/azboard/internal/ui/workitems/detail.go:450.17,451.23 1 0
github.com/popplywop/azboard/internal/ui/workitems/detail.go:451.23,453.4 1 0
github.com/popplywop/azboard/internal/ui/workitems/detail.go:454.3,454.13 1 0
github.com/popplywop/azboard/internal/ui/workitems/detail.go:455.19,456.46 1 0
github.com/popplywop/azboard/internal/ui/workitems/detail.go:456.46,458.4 1 0
github.com/popplywop/azboard/internal/ui/workitems/detail.go:459.3,459.13 1 0
github.com/popplywop/azboard/internal/ui/workitems/detail.go:460.15,463.31 3 0
github.com/popplywop/azboard/internal/ui/workitems/detail.go:465.2,465.12 1 0
github.com/popplywop/azboard/internal/ui/workitems/detail.go:468.70,469.22 1 0
github.com/popplywop/azboard/internal/ui/workitems/detail.go:470.13,475.13 5 0
github.com/popplywop/azboard/internal/ui/workitems/detail.go:476.16,478.20 2 0
github.com/popplywop/azboard/internal/ui/workitems/detail.go:478.20,480.4 1 0
github.com/popplywop/azboard/internal/ui/workitems/detail.go:481.3,482.27 2 0
github.com/popplywop/azboard/internal/ui/workitems/detail.go:484.2,484.12 1 0
github.com/popplywop/azboard/internal/ui/workitems/detail.go:487.69,488.22 1 0
github.com/popplywop/azboard/internal/ui/workitems/detail.go:489.13,493.13 4 0
github.com/popplywop/azboard/internal/ui/workitems/detail.go:494.15,497.30 3 0
github.com/popplywop/azboard/internal/ui/workitems/detail.go:499.2,499.12 1 0
github.com/popplywop/azboard/internal/ui/workitems/detail.go:502.46,506.24 4 0
github.com/popplywop/azboard/internal/ui/workitems/detail.go:506.24,514.3 3 0
github.com/popplywop/azboard/internal/ui/workitems/detail.go:517.40,521.16 4 0
github.com/popplywop/azboard/internal/ui/workitems/detail.go:522.21,523.12 1 0
github.com/popplywop/azboard/internal/ui/workitems/detail.go:524.25,525.37 1 0
github.com/popplywop/azboard/internal/ui/workitems/detail.go:526.20,527.12 1 0
github.com/popplywop/azboard/internal/ui/workitems/detail.go:529.2,530.13 2 0
github.com/popplywop/azboard/internal/ui/workitems/detail.go:530.13,532.3 1 0
github.com/popplywop/azboard/internal/ui/workitems/detail.go:533.2,533.14 1 0
github.com/popplywop/azboard/internal/ui/workitems/detail.go:533.14,536.3 2 0
github.com/popplywop/azboard/internal/ui/workitems/detail.go:536.8,539.3 2 0
github.com/popplywop/azboard/internal/ui/workitems/detail.go:542.45,545.16 3 0
github.com/popplywop/azboard/internal/ui/workitems/detail.go:545.16,547.3 1 0
github.com/popplywop/azboard/internal/ui/workitems/detail.go:550.2,561.48 10 0
github.com/popplywop/azboard/internal/ui/workitems/detail.go:561.48,563.3 1 0
github.com/popplywop/azboard/internal/ui/workitems/detail.go:563.8,565.3 1 0
github.com/popplywop/azboard/internal/ui/workitems/detail.go:566.2,582.16 15 0
github.com/popplywop/azboard/internal/ui/workitems/detail.go:582.16,584.3 1 0
github.com/popplywop/azboard/internal/ui/workitems/detail.go:585.2,593.18 6 0
github.com/popplywop/azboard/internal/ui/workitems/detail.go:593.18,596.3 2 0
github.com/popplywop/azboard/internal/ui/workitems/detail.go:596.8,596.33 1 0
github.com/popplywop/azboard/internal/ui/workitems/detail.go:596.33,598.3 1 0
github.com/popplywop/azboard/internal/ui/workitems/detail.go:598.8,599.32 1 0
github.com/popplywop/azboard/internal/ui/workitems/detail.go:599.32,605.51 3 0
github.com/popplywop/azboard/internal/ui/workitems/detail.go:605.51,608.5 2 0
github.com/popplywop/azboard/internal/ui/workitems/detail.go:609.4,609.23 1 0
github.com/popplywop/azboard/internal/ui/workitems/detail.go:613.2,617.19 4 0
github.com/popplywop/azboard/internal/ui/workitems/detail.go:620.36,621.27 1 0
github.com/popplywop/azboard/internal/ui/workitems/detail.go:621.27,623.3 1 0
github.com/popplywop/azboard/internal/ui/workitems/detail.go:624.2,624.14 1 0
github.com/popplywop/azboard/internal/ui/workitems/detail.go:624.14,626.3 1 0
github.com/popplywop/azboard/internal/ui/workitems/detail.go:628.2,628.17 1 0
github.com/popplywop/azboard/internal/ui/workitems/detail.go:631.36,636.22 3 0
github.com/popplywop/azboard/internal/ui/workitems/detail.go:636.22,638.3 1 0
github.com/popplywop/azboard/internal/ui/workitems/detail.go:640.2,640.16 1 0
github.com/popplywop/azboard/internal/ui/workitems/detail.go:641.25,648.16 6 0
github.com/popplywop/azboard/internal/ui/workitems/detail.go:648.16,650.4 1 0
github.com/popplywop/azboard/internal/ui/workitems/detail.go:651.3,652.18 2 0
github.com/popplywop/azboard/internal/ui/workitems/detail.go:652.18,655.17 3 0
github.com/popplywop/azboard/internal/ui/workitems/detail.go:655.17,657.5 1 0
github.com/popplywop/azboard/internal/ui/workitems/detail.go:659.3,659.16 1 0
github.com/popplywop/azboard/internal/ui/workitems/detail.go:659.16,661.4 1 0
github.com/popplywop/azboard/internal/ui/workitems/detail.go:662.3,662.32 1 0
github.com/popplywop/azboard/internal/ui/workitems/detail.go:662.32,664.25 2 0
github.com/popplywop/azboard/internal/ui/workitems/detail.go:664.25,666.5 1 0
github.com/popplywop/azboard/internal/ui/workitems/detail.go:666.10,668.5 1 0
github.com/popplywop/azboard/internal/ui/workitems/detail.go:669.4,669.24 1 0
github.com/popplywop/azboard/internal/ui/workitems/detail.go:671.3,671.18 1 0
github.com/popplywop/azboard/internal/ui/workitems/detail.go:671.18,673.4 1 0
github.com/popplywop/azboard/internal/ui/workitems/detail.go:674.3,675.43 2 0
github.com/popplywop/azboard/internal/ui/workitems/detail.go:677.21,680.89 3 0
github.com/popplywop/azboard/internal/ui/workitems/detail.go:682.20,684.89 2 0
github.com/popplywop/azboard/internal/ui/workitems/detail.go:687.2,687.37 1 0
github.com/popplywop/azboard/internal/ui/workitems/detail.go:691.33,695.22 3 11
github.com/popplywop/azboard/internal/ui/workitems/detail.go:695.22,696.10 1 118
github.com/popplywop/azboard/internal/ui/workitems/detail.go:697.17,698.16 1 8
github.com/popplywop/azboard/internal/ui/workitems/detail.go:699.17,700.17 1 8
github.com/popplywop/azboard/internal/ui/workitems/detail.go:701.15,702.20 1 86
github.com/popplywop/azboard/internal/ui/workitems/detail.go:706.2,711.34 6 11
github.com/popplywop/azboard/internal/ui/workitems/list.go:68.106,122.2 20 0
github.com/popplywop/azboard/internal/ui/workitems/list.go:124.35,126.2 1 0
github.com/popplywop/azboard/internal/ui/workitems/list.go:128.39,130.2 1 0
github.com/popplywop/azboard/internal/ui/workitems/list.go:134.57,136.2 1 0
github.com/popplywop/azboard/internal/ui/workitems/list.go:139.37,141.2 1 0
github.com/popplywop/azboard/internal/ui/workitems/list.go:143.43,144.57 1 0
github.com/popplywop/azboard/internal/ui/workitems/list.go:144.57,146.3 1 0
github.com/popplywop/azboard/internal/ui/workitems/list.go:147.2,147.33 1 0
github.com/popplywop/azboard/internal/ui/workitems/list.go:150.41,156.24 6 0
github.com/popplywop/azboard/internal/ui/workitems/list.go:156.24,158.17 2 0
github.com/popplywop/azboard/internal/ui/workitems/list.go:158.17,160.4 1 0
github.com/popplywop/azboard/internal/ui/workitems/list.go:161.3,161.42 1 0
github.com/popplywop/azboard/internal/ui/workitems/list.go:165.61,168.27 2 0
github.com/popplywop/azboard/internal/ui/workitems/list.go:169.25,173.24 4 0
github.com/popplywop/azboard/internal/ui/workitems/list.go:175.26,178.18 3 0
github.com/popplywop/azboard/internal/ui/workitems/list.go:180.25,182.18 2 0
github.com/popplywop/azboard/internal/ui/workitems/list.go:184.23,185.16 1 0
github.com/popplywop/azboard/internal/ui/workitems/list.go:185.16,189.4 3 0
github.com/popplywop/azboard/internal/ui/workitems/list.go:191.23,192.18 1 0
github.com/popplywop/azboard/internal/ui/workitems/list.go:192.18,193.24 1 0
github.com/popplywop/azboard/internal/ui/workitems/list.go:194.15,195.31 1 0
github.com/popplywop/azboard/internal/ui/workitems/list.go:195.31,198.6 2 0
github.com/popplywop/azboard/internal/ui/workitems/list.go:198.11,203.6 4 0
github.com/popplywop/azboard/internal/ui/workitems/list.go:204.5,204.18 1 0
github.com/popplywop/azboard/internal/ui/workitems/list.go:205.17,209.18 4 0
github.com/popplywop/azboard/internal/ui/workitems/list.go:210.18,211.23 1 0
github.com/popplywop/azboard/internal/ui/workitems/list.go:212.12,217.33 5 0
github.com/popplywop/azboard/internal/ui/workitems/list.go:221.3,221.10 1 0
github.com/popplywop/azboard/internal/ui/workitems/list.go:222.60,227.17 5 0
github.com/popplywop/azboard/internal/ui/workitems/list.go:229.64,230.41 1 0
github.com/popplywop/azboard/internal/ui/workitems/list.go:230.41,232.42 2 0
github.com/popplywop/azboard/internal/ui/workitems/list.go:232.42,234.31 2 0
github.com/popplywop/azboard/internal/ui/workitems/list.go:234.31,234.73 1 0
github.com/popplywop/azboard/internal/ui/workitems/list.go:238.60,243.55 5 0
github.com/popplywop/azboard/internal/ui/workitems/list.go:245.60,250.55 5 0
github.com/popplywop/azboard/internal/ui/workitems/list.go:252.60,253.54 1 0
github.com/popplywop/azboard/internal/ui/workitems/list.go:253.54,255.5 1 0
github.com/popplywop/azboard/internal/ui/workitems/list.go:256.4,258.55 3 0
github.com/popplywop/azboard/internal/ui/workitems/list.go:260.62,261.30 1 0
github.com/popplywop/azboard/internal/ui/workitems/list.go:261.30,266.5 4 0
github.com/popplywop/azboard/internal/ui/workitems/list.go:270.2,270.18 1 0
github.com/popplywop/azboard/internal/ui/workitems/list.go:270.18,276.37 5 0
github.com/popplywop/azboard/internal/ui/workitems/list.go:276.37,278.4 1 0
github.com/popplywop/azboard/internal/ui/workitems/list.go:281.2,281.30 1 0
github.com/popplywop/azboard/internal/ui/workitems/list.go:284.41,286.43 2 0
github.com/popplywop/azboard/internal/ui/workitems/list.go:286.43,288.3 1 0
github.com/popplywop/azboard/internal/ui/workitems/list.go:289.2,290.22 2 0
github.com/popplywop/azboard/internal/ui/workitems/list.go:293.37,308.17 8 0
github.com/popplywop/azboard/internal/ui/workitems/list.go:308.17,310.3 1 0
github.com/popplywop/azboard/internal/ui/workitems/list.go:313.35,316.31 3 0
github.com/popplywop/azboard/internal/ui/workitems/list.go:316.31,317.48 1 0
github.com/popplywop/azboard/internal/ui/workitems/list.go:317.48,319.4 1 0
github.com/popplywop/azboard/internal/ui/workitems/list.go:321.2,322.64 2 0
github.com/popplywop/azboard/internal/ui/workitems/list.go:322.64,324.3 1 0
github.com/popplywop/azboard/internal/ui/workitems/list.go:327.70,329.26 2 9
github.com/popplywop/azboard/internal/ui/workitems/list.go:329.26,335.13 2 11
github.com/popplywop/azboard/internal/ui/workitems/list.go:335.13,337.4 1 2
github.com/popplywop/azboard/internal/ui/workitems/list.go:339.2,339.13 1 7
github.com/popplywop/azboard/internal/ui/workitems/list.go:342.64,345.29 3 0
github.com/popplywop/azboard/internal/ui/workitems/list.go:345.29,349.15 4 0
github.com/popplywop/azboard/internal/ui/workitems/list.go:349.15,354.4 2 0
github.com/popplywop/azboard/internal/ui/workitems/list.go:354.9,357.4 2 0
github.com/popplywop/azboard/internal/ui/workitems/list.go:358.3,364.4 1 0
github.com/popplywop/azboard/internal/ui/workitems/list.go:366.2,366.13 1 0
github.com/popplywop/azboard/internal/ui/workitems/list.go:369.34,370.15 1 0
github.com/popplywop/azboard/internal/ui/workitems/list.go:370.15,372.3 1 0
github.com/popplywop/azboard/internal/ui/workitems/list.go:374.2,374.18 1 0
github.com/popplywop/azboard/internal/ui/workitems/list.go:374.18,377.3 2 0
github.com/popplywop/azboard/internal/ui/workitems/list.go:379.2,379.23 1 0
github.com/popplywop/azboard/internal/ui/workitems/list.go:379.23,381.3 1 0
github.com/popplywop/azboard/internal/ui/workitems/list.go:383.2,386.43 3 0
github.com/popplywop/azboard/internal/ui/workitems/list.go:386.43,391.3 4 0
github.com/popplywop/azboard/internal/ui/workitems/list.go:393.2,395.52 2 0
github.com/popplywop/azboard/internal/ui/workitems/list.go:395.52,399.3 1 0
github.com/popplywop/azboard/internal/ui/workitems/list.go:401.2,401.37 1 0
github.com/popplywop/azboard/internal/ui/workitems/list.go:404.44,406.31 2 0
github.com/popplywop/azboard/internal/ui/workitems/list.go:406.31,408.24 2 0
github.com/popplywop/azboard/internal/ui/workitems/list.go:408.24,410.4 1 0
github.com/popplywop/azboard/internal/ui/workitems/list.go:410.9,412.4 1 0
github.com/popplywop/azboard/internal/ui/workitems/list.go:414.2,415.78 2 0
github.com/popplywop/azboard/internal/ui/prs/create.go:54.37,65.2 10 0
github.com/popplywop/azboard/internal/ui/prs/create.go:67.50,72.2 4 0
github.com/popplywop/azboard/internal/ui/prs/create.go:74.38,76.13 2 0
github.com/popplywop/azboard/internal/ui/prs/create.go:76.13,79.3 2 0
github.com/popplywop/azboard/internal/ui/prs/create.go:79.8,81.27 2 0
github.com/popplywop/azboard/internal/ui/prs/create.go:81.27,82.47 1 0
github.com/popplywop/azboard/internal/ui/prs/create.go:82.47,84.5 1 0
github.com/popplywop/azboard/internal/ui/prs/create.go:87.2,87.33 1 0
github.com/popplywop/azboard/internal/ui/prs/create.go:87.33,89.3 1 0
github.com/popplywop/azboard/internal/ui/prs/create.go:90.2,90.18 1 0
github.com/popplywop/azboard/internal/ui/prs/create.go:90.18,92.3 1 0
github.com/popplywop/azboard/internal/ui/prs/create.go:95.42,96.26 1 0
github.com/popplywop/azboard/internal/ui/prs/create.go:96.26,98.3 1 0
github.com/popplywop/azboard/internal/ui/prs/create.go:99.2,99.29 1 0
github.com/popplywop/azboard/internal/ui/prs/create.go:102.60,103.22 1 0
github.com/popplywop/azboard/internal/ui/prs/create.go:104.19,105.35 1 0
github.com/popplywop/azboard/internal/ui/prs/create.go:105.35,107.4 1 0
github.com/popplywop/azboard/internal/ui/prs/create.go:108.3,108.13 1 0
github.com/popplywop/azboard/internal/ui/prs/create.go:109.17,110.19 1 0
github.com/popplywop/azboard/internal/ui/prs/create.go:110.19,112.4 1 0
github.com/popplywop/azboard/internal/ui/prs/create.go:113.3,113.13 1 0
github.com/popplywop/azboard/internal/ui/prs/create.go:114.10,118.13 4 0
github.com/popplywop/azboard/internal/ui/prs/create.go:122.40,124.2 1 0
github.com/popplywop/azboard/internal/ui/prs/create.go:126.31,128.2 1 0
github.com/popplywop/azboard/internal/ui/prs/create.go:130.52,134.26 3 0
github.com/popplywop/azboard/internal/ui/prs/create.go:134.26,137.3 2 0
github.com/popplywop/azboard/internal/ui/prs/create.go:139.2,140.15 2 0
github.com/popplywop/azboard/internal/ui/prs/create.go:140.15,142.3 1 0
github.com/popplywop/azboard/internal/ui/prs/create.go:143.2,143.40 1 0
github.com/popplywop/azboard/internal/ui/prs/create.go:143.40,145.16 2 0
github.com/popplywop/azboard/internal/ui/prs/create.go:145.16,147.4 1 0
github.com/popplywop/azboard/internal/ui/prs/create.go:149.2,150.27 2 0
github.com/popplywop/azboard/internal/ui/prs/create.go:150.27,152.3 1 0
github.com/popplywop/azboard/internal/ui/prs/create.go:154.2,154.31 1 0
github.com/popplywop/azboard/internal/ui/prs/create.go:154.31,156.20 2 0
github.com/popplywop/azboard/internal/ui/prs/create.go:156.20,158.4 1 0
github.com/popplywop/azboard/internal/ui/prs/create.go:158.9,160.4 1 0
github.com/popplywop/azboard/internal/ui/prs/create.go:163.2,163.34 1 0
github.com/popplywop/azboard/internal/ui/prs/create.go:163.34,165.3 1 0
github.com/popplywop/azboard/internal/ui/prs/create.go:165.8,167.3 1 0
github.com/popplywop/azboard/internal/ui/prs/create.go:169.2,169.19 1 0
github.com/popplywop/azboard/internal/ui/prs/create.go:195.74,221.2 15 0
github.com/popplywop/azboard/internal/ui/prs/create.go:223.39,223.53 1 0
github.com/popplywop/azboard/internal/ui/prs/create.go:225.51,228.24 3 0
github.com/popplywop/azboard/internal/ui/prs/create.go:228.24,230.17 2 0
github.com/popplywop/azboard/internal/ui/prs/create.go:230.17,232.4 1 0
github.com/popplywop/azboard/internal/ui/prs/create.go:233.3,234.30 2 0
github.com/popplywop/azboard/internal/ui/prs/create.go:234.30,236.4 1 0
github.com/popplywop/azboard/internal/ui/prs/create.go:237.3,237.44 1 0
github.com/popplywop/azboard/internal/ui/prs/create.go:241.69,242.27 1 0
github.com/popplywop/azboard/internal/ui/prs/create.go:243.25,246.16 3 0
github.com/popplywop/azboard/internal/ui/prs/create.go:248.25,254.16 6 0
github.com/popplywop/azboard/internal/ui/prs/create.go:256.24,259.16 3 0
github.com/popplywop/azboard/internal/ui/prs/create.go:261.24,265.16 4 0
github.com/popplywop/azboard/internal/ui/prs/create.go:267.23,268.23 1 0
github.com/popplywop/azboard/internal/ui/prs/create.go:269.14,270.25 1 0
github.com/popplywop/azboard/internal/ui/prs/create.go:270.25,273.27 2 0
github.com/popplywop/azboard/internal/ui/prs/create.go:273.27,275.6 1 0
github.com/popplywop/azboard/internal/ui/prs/create.go:276.5,277.18 2 0
github.com/popplywop/azboard/internal/ui/prs/create.go:279.4,279.29 1 0
github.com/popplywop/azboard/internal/ui/prs/create.go:279.29,279.59 1 0
github.com/popplywop/azboard/internal/ui/prs/create.go:281.17,282.24 1 0
github.com/popplywop/azboard/internal/ui/prs/create.go:284.23,285.27 1 0
github.com/popplywop/azboard/internal/ui/prs/create.go:285.27,287.5 1 0
github.com/popplywop/azboard/internal/ui/prs/create.go:288.4,289.17 2 0
github.com/popplywop/azboard/internal/ui/prs/create.go:291.11,292.35 1 0
github.com/popplywop/azboard/internal/ui/prs/create.go:296.2,296.36 1 0
github.com/popplywop/azboard/internal/ui/prs/create.go:299.47,300.16 1 0
github.com/popplywop/azboard/internal/ui/prs/create.go:301.16,302.24 1 0
github.com/popplywop/azboard/internal/ui/prs/create.go:302.24,306.4 3 0
github.com/popplywop/azboard/internal/ui/prs/create.go:307.3,311.30 5 0
github.com/popplywop/azboard/internal/ui/prs/create.go:313.24,315.19 2 0
github.com/popplywop/azboard/internal/ui/prs/create.go:315.19,319.4 3 0
github.com/popplywop/azboard/internal/ui/prs/create.go:320.3,324.29 5 0
github.com/popplywop/azboard/internal/ui/prs/create.go:326.24,328.19 2 0
github.com/popplywop/azboard/internal/ui/prs/create.go:328.19,332.4 3 0
github.com/popplywop/azboard/internal/ui/prs/create.go:333.3,337.30 5 0
github.com/popplywop/azboard/internal/ui/prs/create.go:339.17,340.52 1 0
github.com/popplywop/azboard/internal/ui/prs/create.go:340.52,344.4 3 0
github.com/popplywop/azboard/internal/ui/prs/create.go:345.3,347.28 3 0
github.com/popplywop/azboard/internal/ui/prs/create.go:349.23,352.13 3 0
github.com/popplywop/azboard/internal/ui/prs/create.go:354.2,354.12 1 0
github.com/popplywop/azboard/internal/ui/prs/create.go:357.48,363.16 5 0
github.com/popplywop/azboard/internal/ui/prs/create.go:364.24,365.29 1 0
github.com/popplywop/azboard/internal/ui/prs/create.go:366.24,367.29 1 0
github.com/popplywop/azboard/internal/ui/prs/create.go:368.17,369.30 1 0
github.com/popplywop/azboard/internal/ui/prs/create.go:370.23,371.28 1 0
github.com/popplywop/azboard/internal/ui/prs/create.go:373.2,373.12 1 0
github.com/popplywop/azboard/internal/ui/prs/create.go:376.61,378.49 1 0
github.com/popplywop/azboard/internal/ui/prs/create.go:378.49,382.3 3 0
github.com/popplywop/azboard/internal/ui/prs/create.go:384.2,395.27 10 0
github.com/popplywop/azboard/internal/ui/prs/create.go:395.27,397.17 2 0
github.com/popplywop/azboard/internal/ui/prs/create.go:397.17,399.4 1 0
github.com/popplywop/azboard/internal/ui/prs/create.go:400.3,400.30 1 0
github.com/popplywop/azboard/internal/ui/prs/create.go:404.88,405.16 1 0
github.com/popplywop/azboard/internal/ui/prs/create.go:406.16,407.23 1 0
github.com/popplywop/azboard/internal/ui/prs/create.go:408.20,409.37 1 0
github.com/popplywop/azboard/internal/ui/prs/create.go:409.37,411.5 1 0
github.com/popplywop/azboard/internal/ui/prs/create.go:412.18,413.24 1 0
github.com/popplywop/azboard/internal/ui/prs/create.go:413.24,415.5 1 0
github.com/popplywop/azboard/internal/ui/prs/create.go:417.3,417.16 1 0
github.com/popplywop/azboard/internal/ui/prs/create.go:419.24,421.16 2 0
github.com/popplywop/azboard/internal/ui/prs/create.go:423.24,425.16 2 0
github.com/popplywop/azboard/internal/ui/prs/create.go:427.17,430.16 3 0
github.com/popplywop/azboard/internal/ui/prs/create.go:432.23,435.16 3 0
github.com/popplywop/azboard/internal/ui/prs/create.go:437.17,438.23 1 0
github.com/popplywop/azboard/internal/ui/prs/create.go:439.17,441.24 2 0
github.com/popplywop/azboard/internal/ui/prs/create.go:442.17,444.24 2 0
github.com/popplywop/azboard/internal/ui/prs/create.go:445.21,446.26 1 0
github.com/popplywop/azboard/internal/ui/prs/create.go:449.2,449.15 1 0
github.com/popplywop/azboard/internal/ui/prs/create.go:452.83,454.16 2 0
github.com/popplywop/azboard/internal/ui/prs/create.go:455.24,456.59 1 0
github.com/popplywop/azboard/internal/ui/prs/create.go:457.24,458.59 1 0
github.com/popplywop/azboard/internal/ui/prs/create.go:459.17,460.47 1 0
github.com/popplywop/azboard/internal/ui/prs/create.go:461.23,462.43 1 0
github.com/popplywop/azboard/internal/ui/prs/create.go:464.2,464.15 1 0
github.com/popplywop/azboard/internal/ui/prs/create.go:467.38,473.55 5 0
github.com/popplywop/azboard/internal/ui/prs/create.go:473.55,474.18 1 0
github.com/popplywop/azboard/internal/ui/prs/create.go:474.18,476.4 1 0
github.com/popplywop/azboard/internal/ui/prs/create.go:477.3,477.17 1 0
github.com/popplywop/azboard/internal/ui/prs/create.go:477.17,479.4 1 0
github.com/popplywop/azboard/internal/ui/prs/create.go:480.3,480.48 1 0
github.com/popplywop/azboard/internal/ui/prs/create.go:483.2,484.23 2 0
github.com/popplywop/azboard/internal/ui/prs/create.go:484.23,486.3 1 0
github.com/popplywop/azboard/internal/ui/prs/create.go:487.2,487.24 1 0
github.com/popplywop/azboard/internal/ui/prs/create.go:487.24,489.3 1 0
github.com/popplywop/azboard/internal/ui/prs/create.go:492.2,493.24 2 0
github.com/popplywop/azboard/internal/ui/prs/create.go:493.24,494.24 1 0
github.com/popplywop/azboard/internal/ui/prs/create.go:494.24,496.4 1 0
github.com/popplywop/azboard/internal/ui/prs/create.go:496.9,499.17 3 0
github.com/popplywop/azboard/internal/ui/prs/create.go:499.17,501.5 1 0
github.com/popplywop/azboard/internal/ui/prs/create.go:502.4,502.35 1 0
github.com/popplywop/azboard/internal/ui/prs/create.go:502.35,504.18 2 0
github.com/popplywop/azboard/internal/ui/prs/create.go:504.18,506.6 1 0
github.com/popplywop/azboard/internal/ui/prs/create.go:508.4,509.26 2 0
github.com/popplywop/azboard/internal/ui/prs/create.go:509.26,511.5 1 0
github.com/popplywop/azboard/internal/ui/prs/create.go:512.4,512.33 1 0
github.com/popplywop/azboard/internal/ui/prs/create.go:512.33,514.26 2 0
github.com/popplywop/azboard/internal/ui/prs/create.go:514.26,516.6 1 0
github.com/popplywop/azboard/internal/ui/prs/create.go:516.11,518.6 1 0
github.com/popplywop/azboard/internal/ui/prs/create.go:520.4,520.77 1 0
github.com/popplywop/azboard/internal/ui/prs/create.go:522.8,524.3 1 0
github.com/popplywop/azboard/internal/ui/prs/create.go:525.2,528.23 2 0
github.com/popplywop/azboard/internal/ui/prs/create.go:528.23,531.3 2 0
github.com/popplywop/azboard/internal/ui/prs/create.go:532.2,532.47 1 0
github.com/popplywop/azboard/internal/ui/prs/create.go:532.47,536.3 3 0
github.com/popplywop/azboard/internal/ui/prs/create.go:539.2,540.32 2 0
github.com/popplywop/azboard/internal/ui/prs/create.go:540.32,542.3 1 0
github.com/popplywop/azboard/internal/ui/prs/create.go:542.8,542.38 1 0
github.com/popplywop/azboard/internal/ui/prs/create.go:542.38,544.3 1 0
github.com/popplywop/azboard/internal/ui/prs/create.go:545.2,549.32 3 0
github.com/popplywop/azboard/internal/ui/prs/create.go:549.32,551.3 1 0
github.com/popplywop/azboard/internal/ui/prs/create.go:551.8,551.38 1 0
github.com/popplywop/azboard/internal/ui/prs/create.go:551.38,553.3 1 0
github.com/popplywop/azboard/internal/ui/prs/create.go:554.2,558.25 3 0
github.com/popplywop/azboard/internal/ui/prs/create.go:558.25,560.3 1 0
github.com/popplywop/azboard/internal/ui/prs/create.go:560.8,560.31 1 0
github.com/popplywop/azboard/internal/ui/prs/create.go:560.31,562.3 1 0
github.com/popplywop/azboard/internal/ui/prs/create.go:563.2,567.31 3 0
github.com/popplywop/azboard/internal/ui/prs/create.go:567.31,569.3 1 0
github.com/popplywop/azboard/internal/ui/prs/create.go:569.8,569.37 1 0
github.com/popplywop/azboard/internal/ui/prs/create.go:569.37,571.17 2 0
github.com/popplywop/azboard/internal/ui/prs/create.go:571.17,573.4 1 0
github.com/popplywop/azboard/internal/ui/prs/create.go:574.3,574.59 1 0
github.com/popplywop/azboard/internal/ui/prs/create.go:576.2,580.25 3 0
github.com/popplywop/azboard/internal/ui/prs/create.go:580.25,582.16 2 0
github.com/popplywop/azboard/internal/ui/prs/create.go:582.16,584.4 1 0
github.com/popplywop/azboard/internal/ui/prs/create.go:585.3,586.100 2 0
github.com/popplywop/azboard/internal/ui/prs/create.go:588.2,591.18 2 0
github.com/popplywop/azboard/internal/ui/prs/create.go:591.18,593.3 1 0
github.com/popplywop/azboard/internal/ui/prs/create.go:593.8,593.29 1 0
github.com/popplywop/azboard/internal/ui/prs/create.go:593.29,594.19 1 0
github.com/popplywop/azboard/internal/ui/prs/create.go:594.19,596.4 1 0
github.com/popplywop/azboard/internal/ui/prs/create.go:596.9,598.4 1 0
github.com/popplywop/azboard/internal/ui/prs/create.go:601.2,601.16 1 0
github.com/popplywop/azboard/internal/ui/prs/create.go:602.42,603.76 1 0
github.com/popplywop/azboard/internal/ui/prs/create.go:604.27,604.27 0 0
github.com/popplywop/azboard/internal/ui/prs/create.go:606.10,607.94 1 0
github.com/popplywop/azboard/internal/ui/prs/create.go:610.2,610.19 1 0
github.com/popplywop/azboard/internal/ui/prs/detail.go:204.103,227.28 14 0
github.com/popplywop/azboard/internal/ui/prs/detail.go:227.28,228.64 1 0
github.com/popplywop/azboard/internal/ui/prs/detail.go:228.64,230.9 2 0
github.com/popplywop/azboard/internal/ui/prs/detail.go:234.2,249.3 1 0
github.com/popplywop/azboard/internal/ui/prs/detail.go:253.58,256.2 2 0
github.com/popplywop/azboard/internal/ui/prs/detail.go:259.45,260.11 1 0
github.com/popplywop/azboard/internal/ui/prs/detail.go:261.15,262.25 1 0
github.com/popplywop/azboard/internal/ui/prs/detail.go:263.16,264.18 1 0
github.com/popplywop/azboard/internal/ui/prs/detail.go:265.20,266.23 1 0
github.com/popplywop/azboard/internal/ui/prs/detail.go:267.10,268.18 1 0
github.com/popplywop/azboard/internal/ui/prs/detail.go:272.37,274.2 1 0
github.com/popplywop/azboard/internal/ui/prs/detail.go:277.41,279.2 1 0
github.com/popplywop/azboard/internal/ui/prs/detail.go:281.45,283.24 2 0
github.com/popplywop/azboard/internal/ui/prs/detail.go:283.24,285.17 2 0
github.com/popplywop/azboard/internal/ui/prs/detail.go:285.17,287.4 1 0
github.com/popplywop/azboard/internal/ui/prs/detail.go:288.3,288.44 1 0
github.com/popplywop/azboard/internal/ui/prs/detail.go:292.44,293.24 1 0
github.com/popplywop/azboard/internal/ui/prs/detail.go:293.24,295.17 2 0
github.com/popplywop/azboard/internal/ui/prs/detail.go:295.17,297.4 1 0
github.com/popplywop/azboard/internal/ui/prs/detail.go:298.3,298.37 1 0
github.com/popplywop/azboard/internal/ui/prs/detail.go:302.40,304.24 2 0
github.com/popplywop/azboard/internal/ui/prs/detail.go:304.24,306.17 2 0
github.com/popplywop/azboard/internal/ui/prs/detail.go:306.17,308.4 1 0
github.com/popplywop/azboard/internal/ui/prs/detail.go:309.3,309.38 1 0
github.com/popplywop/azboard/internal/ui/prs/detail.go:313.43,315.24 2 0
github.com/popplywop/azboard/internal/ui/prs/detail.go:315.24,317.17 2 0
github.com/popplywop/azboard/internal/ui/prs/detail.go:317.17,319.4 1 0
github.com/popplywop/azboard/internal/ui/prs/detail.go:320.3,320.27 1 0
github.com/popplywop/azboard/internal/ui/prs/detail.go:320.27,322.4 1 0
github.com/popplywop/azboard/internal/ui/prs/detail.go:324.3,326.17 3 0
github.com/popplywop/azboard/internal/ui/prs/detail.go:326.17,328.4 1 0
github.com/popplywop/azboard/internal/ui/prs/detail.go:330.3,335.4 1 0
github.com/popplywop/azboard/internal/ui/prs/detail.go:341.75,343.24 2 0
github.com/popplywop/azboard/internal/ui/prs/detail.go:343.24,345.17 2 0
github.com/popplywop/azboard/internal/ui/prs/detail.go:345.17,347.4 1 0
github.com/popplywop/azboard/internal/ui/prs/detail.go:348.3,352.4 1 0
github.com/popplywop/azboard/internal/ui/prs/detail.go:356.64,360.24 4 0
github.com/popplywop/azboard/internal/ui/prs/detail.go:360.24,362.17 2 0
github.com/popplywop/azboard/internal/ui/prs/detail.go:362.17,364.4 1 0
github.com/popplywop/azboard/internal/ui/prs/detail.go:365.3,365.52 1 0
github.com/popplywop/azboard/internal/ui/prs/detail.go:369.43,373.24 4 0
github.com/popplywop/azboard/internal/ui/prs/detail.go:373.24,375.17 2 0
github.com/popplywop/azboard/internal/ui/prs/detail.go:375.17,377.4 1 0
github.com/popplywop/azboard/internal/ui/prs/detail.go:378.3,378.28 1 0
github.com/popplywop/azboard/internal/ui/prs/detail.go:382.46,386.24 4 0
github.com/popplywop/azboard/internal/ui/prs/detail.go:386.24,388.21 2 0
github.com/popplywop/azboard/internal/ui/prs/detail.go:388.21,390.4 1 0
github.com/popplywop/azboard/internal/ui/prs/detail.go:390.9,392.4 1 0
github.com/popplywop/azboard/internal/ui/prs/detail.go:393.3,393.17 1 0
github.com/popplywop/azboard/internal/ui/prs/detail.go:393.17,395.4 1 0
github.com/popplywop/azboard/internal/ui/prs/detail.go:396.3,396.28 1 0
github.com/popplywop/azboard/internal/ui/prs/detail.go:400.68,403.59 3 0
github.com/popplywop/azboard/internal/ui/prs/detail.go:403.59,405.3 1 0
github.com/popplywop/azboard/internal/ui/prs/detail.go:406.2,406.24 1 0
github.com/popplywop/azboard/internal/ui/prs/detail.go:406.24,408.17 2 0
github.com/popplywop/azboard/internal/ui/prs/detail.go:408.17,410.4 1 0
[...]
github.com/popplywop/azboard/internal/ui/prs/diff.go:234.4,235.14 2 6
github.com/popplywop/azboard/internal/ui/prs/diff.go:235.14,237.5 1 6
github.com/popplywop/azboard/internal/ui/prs/diff.go:238.4,238.105 1 6
github.com/popplywop/azboard/internal/ui/prs/diff.go:243.2,245.26 3 1
github.com/popplywop/azboard/internal/ui/prs/diff.go:245.26,248.36 3 6
github.com/popplywop/azboard/internal/ui/prs/diff.go:248.36,253.4 1 0
github.com/popplywop/azboard/internal/ui/prs/diff.go:253.9,254.22 1 6
github.com/popplywop/azboard/internal/ui/prs/diff.go:255.14,256.59 1 1
github.com/popplywop/azboard/internal/ui/prs/diff.go:257.16,258.59 1 0
github.com/popplywop/azboard/internal/ui/prs/diff.go:259.13,260.58 1 1
github.com/popplywop/azboard/internal/ui/prs/diff.go:261.13,262.61 1 1
github.com/popplywop/azboard/internal/ui/prs/diff.go:263.12,264.36 1 3
github.com/popplywop/azboard/internal/ui/prs/diff.go:267.3,268.22 2 6
github.com/popplywop/azboard/internal/ui/prs/diff.go:271.2,271.41 1 1
github.com/popplywop/azboard/internal/ui/prs/diff.go:274.49,275.16 1 11
github.com/popplywop/azboard/internal/ui/prs/diff.go:275.16,277.3 1 1
github.com/popplywop/azboard/internal/ui/prs/diff.go:278.2,279.21 2 10
github.com/popplywop/azboard/internal/ui/prs/diff.go:279.21,281.3 1 9
github.com/popplywop/azboard/internal/ui/prs/diff.go:282.2,283.21 2 1
github.com/popplywop/azboard/internal/ui/prs/diff.go:283.21,286.3 2 1
github.com/popplywop/azboard/internal/ui/prs/diff.go:287.2,288.14 2 1
github.com/popplywop/azboard/internal/ui/prs/files.go:41.33,68.2 6 0
github.com/popplywop/azboard/internal/ui/prs/files.go:70.49,75.21 5 0
github.com/popplywop/azboard/internal/ui/prs/files.go:75.21,77.3 1 0
github.com/popplywop/azboard/internal/ui/prs/files.go:78.2,78.32 1 0
github.com/popplywop/azboard/internal/ui/prs/files.go:81.64,86.2 4 0
github.com/popplywop/azboard/internal/ui/prs/files.go:89.64,91.25 2 0
github.com/popplywop/azboard/internal/ui/prs/files.go:91.25,93.3 1 0
github.com/popplywop/azboard/internal/ui/prs/files.go:93.8,95.3 1 0
github.com/popplywop/azboard/internal/ui/prs/files.go:100.62,101.28 1 0
github.com/popplywop/azboard/internal/ui/prs/files.go:101.28,103.3 1 0
github.com/popplywop/azboard/internal/ui/prs/files.go:104.2,104.47 1 0
github.com/popplywop/azboard/internal/ui/prs/files.go:109.36,114.30 4 0
github.com/popplywop/azboard/internal/ui/prs/files.go:114.30,116.14 2 0
github.com/popplywop/azboard/internal/ui/prs/files.go:116.14,117.30 1 0
github.com/popplywop/azboard/internal/ui/prs/files.go:117.30,119.5 1 0
github.com/popplywop/azboard/internal/ui/prs/files.go:119.10,121.5 1 0
github.com/popplywop/azboard/internal/ui/prs/files.go:122.9,124.4 1 0
github.com/popplywop/azboard/internal/ui/prs/files.go:125.3,125.54 1 0
github.com/popplywop/azboard/internal/ui/prs/files.go:127.2,130.62 2 0
github.com/popplywop/azboard/internal/ui/prs/files.go:130.62,132.3 1 0
github.com/popplywop/azboard/internal/ui/prs/files.go:137.39,139.38 2 0
github.com/popplywop/azboard/internal/ui/prs/files.go:139.38,141.3 1 0
github.com/popplywop/azboard/internal/ui/prs/files.go:142.2,143.14 2 0
github.com/popplywop/azboard/internal/ui/prs/files.go:143.14,145.3 1 0
github.com/popplywop/azboard/internal/ui/prs/files.go:146.2,147.17 2 0
github.com/popplywop/azboard/internal/ui/prs/files.go:150.66,152.38 2 0
github.com/popplywop/azboard/internal/ui/prs/files.go:152.38,154.3 1 0
github.com/popplywop/azboard/internal/ui/prs/files.go:155.2,155.26 1 0
github.com/popplywop/azboard/internal/ui/prs/files.go:155.26,157.3 1 0
github.com/popplywop/azboard/internal/ui/prs/files.go:158.2,158.36 1 0
github.com/popplywop/azboard/internal/ui/prs/files.go:161.36,163.38 2 0
github.com/popplywop/azboard/internal/ui/prs/files.go:163.38,165.3 1 0
github.com/popplywop/azboard/internal/ui/prs/files.go:166.2,166.29 1 0
github.com/popplywop/azboard/internal/ui/prs/files.go:169.39,171.2 1 0
github.com/popplywop/azboard/internal/ui/prs/files.go:173.63,174.27 1 0
github.com/popplywop/azboard/internal/ui/prs/files.go:175.23,176.23 1 0
github.com/popplywop/azboard/internal/ui/prs/files.go:177.15,178.55 1 0
github.com/popplywop/azboard/internal/ui/prs/files.go:178.55,181.30 3 0
github.com/popplywop/azboard/internal/ui/prs/files.go:181.30,181.77 1 0
github.com/popplywop/azboard/internal/ui/prs/files.go:183.4,183.17 1 0
github.com/popplywop/azboard/internal/ui/prs/files.go:184.16,185.73 1 0
github.com/popplywop/azboard/internal/ui/prs/files.go:185.73,188.30 3 0
github.com/popplywop/azboard/internal/ui/prs/files.go:188.30,188.77 1 0
github.com/popplywop/azboard/internal/ui/prs/files.go:190.4,190.17 1 0
github.com/popplywop/azboard/internal/ui/prs/files.go:194.2,196.15 3 0
github.com/popplywop/azboard/internal/ui/prs/files.go:199.35,205.27 4 0
github.com/popplywop/azboard/internal/ui/prs/files.go:205.27,213.29 4 0
github.com/popplywop/azboard/internal/ui/prs/files.go:213.29,215.4 1 0
github.com/popplywop/azboard/internal/ui/prs/files.go:215.9,217.4 1 0
github.com/popplywop/azboard/internal/ui/prs/files.go:218.3,219.47 2 0
github.com/popplywop/azboard/internal/ui/prs/files.go:219.47,221.4 1 0
github.com/popplywop/azboard/internal/ui/prs/files.go:221.9,223.4 1 0
github.com/popplywop/azboard/internal/ui/prs/files.go:224.3,225.22 2 0
github.com/popplywop/azboard/internal/ui/prs/files.go:228.2,231.19 4 0
github.com/popplywop/azboard/internal/ui/prs/files.go:234.38,236.20 2 0
github.com/popplywop/azboard/internal/ui/prs/files.go:236.20,238.3 1 0
github.com/popplywop/azboard/internal/ui/prs/files.go:239.2,241.16 3 0
github.com/popplywop/azboard/internal/ui/prs/files.go:241.16,243.3 1 0
github.com/popplywop/azboard/internal/ui/prs/files.go:244.2,248.17 2 0
github.com/popplywop/azboard/internal/ui/prs/files.go:248.17,250.3 1 0
github.com/popplywop/azboard/internal/ui/prs/files.go:262.41,268.2 1 14
github.com/popplywop/azboard/internal/ui/prs/files.go:270.57,272.25 2 3
github.com/popplywop/azboard/internal/ui/prs/files.go:272.25,277.30 5 6
github.com/popplywop/azboard/internal/ui/prs/files.go:277.30,278.41 1 13
github.com/popplywop/azboard/internal/ui/prs/files.go:278.41,280.5 1 11
github.com/popplywop/azboard/internal/ui/prs/files.go:281.4,282.25 2 13
github.com/popplywop/azboard/internal/ui/prs/files.go:282.25,285.5 2 6
github.com/popplywop/azboard/internal/ui/prs/files.go:286.4,286.16 1 13
github.com/popplywop/azboard/internal/ui/prs/files.go:289.2,289.13 1 3
github.com/popplywop/azboard/internal/ui/prs/files.go:295.111,297.31 2 3
github.com/popplywop/azboard/internal/ui/prs/files.go:297.31,299.3 1 4
github.com/popplywop/azboard/internal/ui/prs/files.go:301.2,301.39 1 3
github.com/popplywop/azboard/internal/ui/prs/files.go:301.39,304.27 3 1
github.com/popplywop/azboard/internal/ui/prs/files.go:304.27,306.4 1 0
github.com/popplywop/azboard/internal/ui/prs/files.go:307.3,307.61 1 1
github.com/popplywop/azboard/internal/ui/prs/files.go:310.2,310.29 1 3
github.com/popplywop/azboard/internal/ui/prs/files.go:310.29,315.13 4 4
github.com/popplywop/azboard/internal/ui/prs/files.go:315.13,318.4 2 2
github.com/popplywop/azboard/internal/ui/prs/files.go:318.9,318.20 1 2
github.com/popplywop/azboard/internal/ui/prs/files.go:318.20,321.4 2 1
github.com/popplywop/azboard/internal/ui/prs/files.go:321.9,324.4 2 1
github.com/popplywop/azboard/internal/ui/prs/files.go:326.3,328.18 2 4
github.com/popplywop/azboard/internal/ui/prs/files.go:328.18,338.27 3 2
github.com/popplywop/azboard/internal/ui/prs/files.go:338.27,340.5 1 1
github.com/popplywop/azboard/internal/ui/prs/files.go:341.9,347.4 1 2
github.com/popplywop/azboard/internal/ui/prs/files.go:353.50,356.6 2 6
github.com/popplywop/azboard/internal/ui/prs/files.go:356.6,358.78 2 10
github.com/popplywop/azboard/internal/ui/prs/files.go:358.78,360.4 1 40
github.com/popplywop/azboard/internal/ui/prs/files.go:361.3,361.19 1 10
github.com/popplywop/azboard/internal/ui/prs/files.go:361.19,362.9 1 6
github.com/popplywop/azboard/internal/ui/prs/files.go:364.3,364.14 1 4
github.com/popplywop/azboard/internal/ui/prs/files.go:366.2,366.10 1 6
github.com/popplywop/azboard/internal/ui/prs/files.go:369.47,370.37 1 6
github.com/popplywop/azboard/internal/ui/prs/files.go:371.13,372.13 1 2
github.com/popplywop/azboard/internal/ui/prs/files.go:373.16,374.13 1 1
github.com/popplywop/azboard/internal/ui/prs/files.go:375.16,376.13 1 1
github.com/popplywop/azboard/internal/ui/prs/files.go:377.10,378.13 1 2
github.com/popplywop/azboard/internal/ui/prs/list.go:80.66,134.2 21 0
github.com/popplywop/azboard/internal/ui/prs/list.go:136.35,137.23 1 0
github.com/popplywop/azboard/internal/ui/prs/list.go:137.23,139.3 1 0
github.com/popplywop/azboard/internal/ui/prs/list.go:140.2,140.48 1 0
github.com/popplywop/azboard/internal/ui/prs/list.go:144.39,146.2 1 0
github.com/popplywop/azboard/internal/ui/prs/list.go:149.46,151.2 1 0
github.com/popplywop/azboard/internal/ui/prs/list.go:154.28,156.2 1 2
github.com/popplywop/azboard/internal/ui/prs/list.go:158.39,161.24 3 0
github.com/popplywop/azboard/internal/ui/prs/list.go:161.24,162.22 1 0
github.com/popplywop/azboard/internal/ui/prs/list.go:162.22,164.4 1 0
github.com/popplywop/azboard/internal/ui/prs/list.go:166.3,176.34 5 0
github.com/popplywop/azboard/internal/ui/prs/list.go:176.34,177.34 1 0
github.com/popplywop/azboard/internal/ui/prs/list.go:177.34,181.24 3 0
github.com/popplywop/azboard/internal/ui/prs/list.go:181.24,183.20 2 0
github.com/popplywop/azboard/internal/ui/prs/list.go:183.20,184.21 1 0
github.com/popplywop/azboard/internal/ui/prs/list.go:184.21,186.8 1 0
github.com/popplywop/azboard/internal/ui/prs/list.go:186.13,188.8 1 0
github.com/popplywop/azboard/internal/ui/prs/list.go:189.12,191.7 1 0
github.com/popplywop/azboard/internal/ui/prs/list.go:192.6,193.12 2 0
github.com/popplywop/azboard/internal/ui/prs/list.go:196.5,197.33 2 0
github.com/popplywop/azboard/internal/ui/prs/list.go:197.33,199.6 1 0
github.com/popplywop/azboard/internal/ui/prs/list.go:201.5,201.37 1 0
github.com/popplywop/azboard/internal/ui/prs/list.go:201.37,203.20 2 0
github.com/popplywop/azboard/internal/ui/prs/list.go:203.20,204.21 1 0
github.com/popplywop/azboard/internal/ui/prs/list.go:204.21,206.13 2 0
github.com/popplywop/azboard/internal/ui/prs/list.go:208.7,209.12 2 0
github.com/popplywop/azboard/internal/ui/prs/list.go:211.6,211.35 1 0
github.com/popplywop/azboard/internal/ui/prs/list.go:213.5,213.21 1 0
github.com/popplywop/azboard/internal/ui/prs/list.go:216.3,223.29 6 0
github.com/popplywop/azboard/internal/ui/prs/list.go:223.29,224.20 1 0
github.com/popplywop/azboard/internal/ui/prs/list.go:224.20,226.5 1 0
github.com/popplywop/azboard/internal/ui/prs/list.go:227.4,227.23 1 0
github.com/popplywop/azboard/internal/ui/prs/list.go:227.23,229.5 1 0
github.com/popplywop/azboard/internal/ui/prs/list.go:230.4,230.24 1 0
github.com/popplywop/azboard/internal/ui/prs/list.go:230.24,232.5 1 0
github.com/popplywop/azboard/internal/ui/prs/list.go:233.4,233.29 1 0
github.com/popplywop/azboard/internal/ui/prs/list.go:233.29,234.44 1 0
github.com/popplywop/azboard/internal/ui/prs/list.go:234.44,235.14 1 0
github.com/popplywop/azboard/internal/ui/prs/list.go:237.5,238.36 2 0
github.com/popplywop/azboard/internal/ui/prs/list.go:242.3,242.44 1 0
github.com/popplywop/azboard/internal/ui/prs/list.go:242.44,244.4 1 0
github.com/popplywop/azboard/internal/ui/prs/list.go:245.3,245.86 1 0
github.com/popplywop/azboard/internal/ui/prs/list.go:249.61,252.27 2 0
github.com/popplywop/azboard/internal/ui/prs/list.go:253.25,258.44 5 0
github.com/popplywop/azboard/internal/ui/prs/list.go:258.44,260.4 1 0
github.com/popplywop/azboard/internal/ui/prs/list.go:263.3,263.53 1 0
github.com/popplywop/azboard/internal/ui/prs/list.go:265.20,270.32 5 0
github.com/popplywop/azboard/internal/ui/prs/list.go:270.32,272.39 2 0
github.com/popplywop/azboard/internal/ui/prs/list.go:272.39,274.5 1 0
github.com/popplywop/azboard/internal/ui/prs/list.go:277.19,279.18 2 0
github.com/popplywop/azboard/internal/ui/prs/list.go:281.23,282.16 1 0
github.com/popplywop/azboard/internal/ui/prs/list.go:282.16,286.4 3 0
github.com/popplywop/azboard/internal/ui/prs/list.go:288.23,290.18 1 0
github.com/popplywop/azboard/internal/ui/prs/list.go:290.18,291.24 1 0
github.com/popplywop/azboard/internal/ui/prs/list.go:292.15,293.31 1 0
github.com/popplywop/azboard/internal/ui/prs/list.go:293.31,297.6 2 0
github.com/popplywop/azboard/internal/ui/prs/list.go:297.11,303.6 4 0
github.com/popplywop/azboard/internal/ui/prs/list.go:304.5,304.18 1 0
github.com/popplywop/azboard/internal/ui/prs/list.go:305.17,310.18 4 0
github.com/popplywop/azboard/internal/ui/prs/list.go:311.18,312.23 1 0
github.com/popplywop/azboard/internal/ui/prs/list.go:313.12,319.33 5 0
github.com/popplywop/azboard/internal/ui/prs/list.go:324.3,324.10 1 0
github.com/popplywop/azboard/internal/ui/prs/list.go:325.60,330.17 5 0
github.com/popplywop/azboard/internal/ui/prs/list.go:332.64,333.44 1 0
github.com/popplywop/azboard/internal/ui/prs/list.go:333.44,335.45 2 0
github.com/popplywop/azboard/internal/ui/prs/list.go:335.45,336.31 1 0
github.com/popplywop/azboard/internal/ui/prs/list.go:336.31,338.7 1 0
github.com/popplywop/azboard/internal/ui/prs/list.go:342.60,344.24 2 0
github.com/popplywop/azboard/internal/ui/prs/list.go:344.24,348.5 3 0
github.com/popplywop/azboard/internal/ui/prs/list.go:350.60,352.24 2 0
github.com/popplywop/azboard/internal/ui/prs/list.go:352.24,356.5 3 0
github.com/popplywop/azboard/internal/ui/prs/list.go:358.60,359.24 1 0
github.com/popplywop/azboard/internal/ui/prs/list.go:359.24,360.55 1 0
github.com/popplywop/azboard/internal/ui/prs/list.go:360.55,362.6 1 0
github.com/popplywop/azboard/internal/ui/prs/list.go:363.5,365.54 3 0
github.com/popplywop/azboard/internal/ui/prs/list.go:368.60,370.29 1 0
github.com/popplywop/azboard/internal/ui/prs/list.go:370.29,370.59 1 0
github.com/popplywop/azboard/internal/ui/prs/list.go:372.60,374.29 1 0
github.com/popplywop/azboard/internal/ui/prs/list.go:374.29,374.57 1 0
github.com/popplywop/azboard/internal/ui/prs/list.go:376.62,378.30 1 0
github.com/popplywop/azboard/internal/ui/prs/list.go:378.30,383.5 4 0
github.com/popplywop/azboard/internal/ui/prs/list.go:387.2,387.18 1 0
github.com/popplywop/azboard/internal/ui/prs/list.go:387.18,391.3 3 0
github.com/popplywop/azboard/internal/ui/prs/list.go:393.2,393.30 1 0
github.com/popplywop/azboard/internal/ui/prs/list.go:397.74,402.21 5 0
github.com/popplywop/azboard/internal/ui/prs/list.go:402.21,406.3 3 0
github.com/popplywop/azboard/internal/ui/prs/list.go:407.2,408.51 2 0
github.com/popplywop/azboard/internal/ui/prs/list.go:413.57,414.23 1 0
github.com/popplywop/azboard/internal/ui/prs/list.go:414.23,416.3 1 0
github.com/popplywop/azboard/internal/ui/prs/list.go:417.2,417.24 1 0
github.com/popplywop/azboard/internal/ui/prs/list.go:421.37,423.2 1 0
github.com/popplywop/azboard/internal/ui/prs/list.go:425.41,427.43 2 0
github.com/popplywop/azboard/internal/ui/prs/list.go:427.43,429.3 1 0
github.com/popplywop/azboard/internal/ui/prs/list.go:432.2,433.11 2 0
github.com/popplywop/azboard/internal/ui/prs/list.go:433.11,435.3 1 0
github.com/popplywop/azboard/internal/ui/prs/list.go:436.2,436.22 1 0
github.com/popplywop/azboard/internal/ui/prs/list.go:439.35,442.17 2 0
github.com/popplywop/azboard/internal/ui/prs/list.go:442.17,444.3 1 0
github.com/popplywop/azboard/internal/ui/prs/list.go:444.8,446.28 2 0
github.com/popplywop/azboard/internal/ui/prs/list.go:446.28,447.30 1 0
github.com/popplywop/azboard/internal/ui/prs/list.go:447.30,449.5 1 0
github.com/popplywop/azboard/internal/ui/prs/list.go:453.2,456.70 2 0
github.com/popplywop/azboard/internal/ui/prs/list.go:456.70,458.3 1 0
github.com/popplywop/azboard/internal/ui/prs/list.go:461.69,465.29 2 11
github.com/popplywop/azboard/internal/ui/prs/list.go:465.29,469.56 2 13
github.com/popplywop/azboard/internal/ui/prs/list.go:469.56,471.4 1 4
github.com/popplywop/azboard/internal/ui/prs/list.go:471.9,471.73 1 9
github.com/popplywop/azboard/internal/ui/prs/list.go:471.73,473.4 1 1
github.com/popplywop/azboard/internal/ui/prs/list.go:473.9,473.79 1 8
github.com/popplywop/azboard/internal/ui/prs/list.go:473.79,475.4 1 2
github.com/popplywop/azboard/internal/ui/prs/list.go:475.9,475.64 1 6
github.com/popplywop/azboard/internal/ui/prs/list.go:475.64,477.4 1 1
github.com/popplywop/azboard/internal/ui/prs/list.go:477.9,477.59 1 5
github.com/popplywop/azboard/internal/ui/prs/list.go:477.59,479.4 1 1
github.com/popplywop/azboard/internal/ui/prs/list.go:479.9,479.73 1 4
github.com/popplywop/azboard/internal/ui/prs/list.go:479.73,481.4 1 1
github.com/popplywop/azboard/internal/ui/prs/list.go:481.9,483.35 1 3
github.com/popplywop/azboard/internal/ui/prs/list.go:483.35,484.63 1 3
github.com/popplywop/azboard/internal/ui/prs/list.go:484.63,486.11 2 1
github.com/popplywop/azboard/internal/ui/prs/list.go:491.3,491.13 1 13
github.com/popplywop/azboard/internal/ui/prs/list.go:491.13,493.4 1 2
github.com/popplywop/azboard/internal/ui/prs/list.go:496.2,496.13 1 9
github.com/popplywop/azboard/internal/ui/prs/list.go:499.37,504.20 2 0
github.com/popplywop/azboard/internal/ui/prs/list.go:504.20,506.3 1 0
github.com/popplywop/azboard/internal/ui/prs/list.go:509.2,527.17 8 0
github.com/popplywop/azboard/internal/ui/prs/list.go:527.17,529.3 1 0
github.com/popplywop/azboard/internal/ui/prs/list.go:532.65,534.25 2 1
github.com/popplywop/azboard/internal/ui/prs/list.go:534.25,536.17 2 1
github.com/popplywop/azboard/internal/ui/prs/list.go:536.17,538.4 1 0
github.com/popplywop/azboard/internal/ui/prs/list.go:540.3,549.4 2 1
github.com/popplywop/azboard/internal/ui/prs/list.go:551.2,551.13 1 1
github.com/popplywop/azboard/internal/ui/prs/list.go:554.69,555.25 1 1
github.com/popplywop/azboard/internal/ui/prs/list.go:555.25,557.3 1 1
github.com/popplywop/azboard/internal/ui/prs/list.go:559.2,560.30 2 0
github.com/popplywop/azboard/internal/ui/prs/list.go:560.30,564.3 3 0
github.com/popplywop/azboard/internal/ui/prs/list.go:565.2,565.33 1 0
github.com/popplywop/azboard/internal/ui/prs/list.go:568.34,570.23 1 0
github.com/popplywop/azboard/internal/ui/prs/list.go:570.23,572.3 1 0
github.com/popplywop/azboard/internal/ui/prs/list.go:574.2,574.15 1 0
github.com/popplywop/azboard/internal/ui/prs/list.go:574.15,576.3 1 0
github.com/popplywop/azboard/internal/ui/prs/list.go:578.2,578.18 1 0
github.com/popplywop/azboard/internal/ui/prs/list.go:578.18,581.3 2 0
github.com/popplywop/azboard/internal/ui/prs/list.go:583.2,583.21 1 0
github.com/popplywop/azboard/internal/ui/prs/list.go:583.21,585.3 1 0
github.com/popplywop/azboard/internal/ui/prs/list.go:587.2,593.43 3 0
github.com/popplywop/azboard/internal/ui/prs/list.go:593.43,600.3 4 0
github.com/popplywop/azboard/internal/ui/prs/list.go:603.2,606.55 2 0
github.com/popplywop/azboard/internal/ui/prs/list.go:606.55,610.3 1 0
github.com/popplywop/azboard/internal/ui/prs/list.go:613.2,613.19 1 0
github.com/popplywop/azboard/internal/ui/prs/list.go:613.19,617.3 1 0
github.com/popplywop/azboard/internal/ui/prs/list.go:619.2,619.37 1 0
github.com/popplywop/azboard/internal/ui/prs/list.go:622.44,626.31 3 0
github.com/popplywop/azboard/internal/ui/prs/list.go:626.31,628.24 2 0
github.com/popplywop/azboard/internal/ui/prs/list.go:628.24,630.4 1 0
github.com/popplywop/azboard/internal/ui/prs/list.go:630.9,632.4 1 0
github.com/popplywop/azboard/internal/ui/prs/list.go:635.2,636.78 2 0
github.com/popplywop/azboard/internal/ui/prs/list.go:639.43,640.57 1 0
github.com/popplywop/azboard/internal/ui/prs/list.go:640.57,642.3 1 0
github.com/popplywop/azboard/internal/ui/prs/list.go:643.2,643.33 1 0
github.com/popplywop/azboard/internal/ui/prs/list.go:646.43,649.2 2 3
github.com/popplywop/azboard/internal/ui/prs/list.go:651.36,653.21 2 5
github.com/popplywop/azboard/internal/ui/prs/list.go:653.21,655.3 1 1
github.com/popplywop/azboard/internal/ui/prs/list.go:656.2,656.21 1 4
github.com/popplywop/azboard/internal/ui/prs/list.go:656.21,658.3 1 1
github.com/popplywop/azboard/internal/ui/prs/list.go:660.2,660.82 1 3
